TN:
SF:src\App.jsx
FN:11,Dashboard
FN:34,onClick
FN:77,App
FNF:3
FNH:3
FNDA:6,Dashboard
FNDA:1,onClick
FNDA:8,App
DA:1,1
DA:2,1
DA:3,1
DA:4,1
DA:5,1
DA:6,1
DA:7,1
DA:8,1
DA:9,1
DA:11,6
DA:12,6
DA:14,6
DA:15,6
DA:16,6
DA:17,6
DA:18,6
DA:19,6
DA:20,6
DA:22,6
DA:23,6
DA:25,6
DA:26,6
DA:28,6
DA:29,6
DA:30,6
DA:32,6
DA:33,6
DA:34,6
DA:35,6
DA:36,6
DA:37,6
DA:39,6
DA:40,6
DA:41,6
DA:43,6
DA:44,6
DA:45,6
DA:47,6
DA:48,6
DA:49,6
DA:50,6
DA:51,6
DA:52,6
DA:53,6
DA:54,6
DA:55,6
DA:56,6
DA:57,6
DA:58,6
DA:59,6
DA:60,6
DA:61,6
DA:63,6
DA:64,6
DA:65,6
DA:66,6
DA:67,6
DA:68,6
DA:69,6
DA:70,6
DA:71,6
DA:72,6
DA:73,6
DA:75,6
DA:77,8
DA:78,8
DA:79,8
DA:80,7
DA:81,7
DA:82,8
DA:84,8
DA:85,8
DA:86,8
DA:87,6
DA:88,8
DA:89,2
DA:90,2
DA:91,8
DA:92,8
DA:94,8
DA:95,1
DA:96,1
DA:97,1
DA:98,1
DA:100,1
DA:102,8
DA:103,1
DA:104,1
DA:106,6
DA:107,6
LF:90
LH:90
BRDA:11,0,0,6
BRDA:36,1,0,4
BRDA:36,2,0,2
BRDA:37,3,0,4
BRDA:37,4,0,2
BRDA:39,5,0,4
BRDA:39,6,0,2
BRDA:34,7,0,1
BRDA:77,8,0,8
BRDA:94,9,0,1
BRDA:100,10,0,7
BRDA:102,11,0,1
BRDA:104,12,0,6
BRDA:79,13,0,7
BRDA:81,14,0,1
BRDA:81,15,0,6
BRDA:84,16,0,8
BRDA:86,17,0,6
BRDA:88,18,0,2
BRDA:91,19,0,6
BRDA:91,20,0,2
BRF:21
BRH:21
end_of_record
TN:
SF:src\api\axios.js
FN:23,api.interceptors.response.use.originalRequest
FN:34,Promise.then.originalRequest.headers.Authorization
FNF:2
FNH:1
FNDA:1,api.interceptors.response.use.originalRequest
FNDA:0,Promise.then.originalRequest.headers.Authorization
DA:1,1
DA:3,1
DA:4,1
DA:5,1
DA:6,1
DA:7,1
DA:9,1
DA:10,1
DA:11,2
DA:12,2
DA:13,1
DA:14,1
DA:15,2
DA:16,1
DA:18,1
DA:19,1
DA:20,1
DA:22,1
DA:23,1
DA:24,1
DA:25,5
DA:27,5
DA:28,5
DA:29,5
DA:30,3
DA:31,5
DA:32,2
DA:33,0
DA:34,0
DA:35,0
DA:36,0
DA:37,0
DA:38,0
DA:39,0
DA:40,0
DA:41,0
DA:42,0
DA:44,2
DA:45,2
DA:47,2
DA:48,2
DA:49,1
DA:50,1
DA:52,1
DA:53,1
DA:54,1
DA:56,1
DA:57,1
DA:58,1
DA:59,1
DA:60,1
DA:61,1
DA:62,1
DA:63,1
DA:64,1
DA:65,2
DA:66,2
DA:67,2
DA:68,2
DA:70,3
DA:71,5
DA:72,1
DA:74,1
LF:63
LH:53
BRDA:10,0,0,2
BRDA:12,1,0,1
BRDA:23,2,0,1
BRDA:24,3,0,5
BRDA:28,4,0,4
BRDA:29,5,0,3
BRDA:31,6,0,2
BRDA:32,7,0,0
BRDA:48,8,0,1
BRDA:65,9,0,0
BRDA:68,10,0,3
BRF:11
BRH:9
end_of_record
TN:
SF:src\components\AlertsWidget.jsx
FN:5,AlertsWidget
FN:10,queryFn
FN:52,onClick
FN:67,onClick
FN:82,onClick
FNF:5
FNH:3
FNDA:142,AlertsWidget
FNDA:27,queryFn
FNDA:1,onClick
FNDA:0,onClick
FNDA:0,onClick
DA:1,1
DA:2,1
DA:3,1
DA:5,142
DA:6,142
DA:8,142
DA:9,142
DA:10,142
DA:11,142
DA:12,142
DA:14,142
DA:15,27
DA:16,27
DA:18,141
DA:19,142
DA:22,142
DA:23,142
DA:24,142
DA:27,142
DA:28,11
DA:29,5
DA:30,5
DA:31,5
DA:32,142
DA:34,142
DA:35,11
DA:36,5
DA:37,5
DA:38,9
DA:39,142
DA:42,142
DA:43,109
DA:44,109
DA:46,6
DA:47,6
DA:48,6
DA:49,6
DA:50,6
DA:51,4
DA:52,4
DA:53,4
DA:54,4
DA:55,4
DA:56,4
DA:57,4
DA:58,4
DA:60,4
DA:61,4
DA:62,4
DA:65,142
DA:66,1
DA:67,1
DA:68,1
DA:69,1
DA:70,1
DA:71,1
DA:72,1
DA:73,1
DA:75,1
DA:76,1
DA:77,1
DA:80,142
DA:81,1
DA:82,1
DA:83,1
DA:84,1
DA:85,1
DA:86,1
DA:87,1
DA:88,1
DA:90,1
DA:91,1
DA:92,1
DA:94,142
DA:95,142
DA:97,142
LF:76
LH:76
BRDA:5,0,0,142
BRDA:14,1,0,115
BRDA:14,2,0,27
BRDA:16,3,0,141
BRDA:16,4,0,115
BRDA:18,5,0,0
BRDA:42,6,0,111
BRDA:42,7,0,110
BRDA:42,8,0,141
BRDA:42,9,0,109
BRDA:44,10,0,13
BRDA:44,11,0,6
BRDA:50,12,0,4
BRDA:65,13,0,1
BRDA:80,14,0,1
BRDA:10,15,0,27
BRDA:10,16,0,26
BRDA:23,17,0,11
BRDA:27,18,0,11
BRDA:28,19,0,6
BRDA:28,20,0,5
BRDA:34,21,0,11
BRDA:35,22,0,6
BRDA:35,23,0,9
BRDA:35,24,0,5
BRDA:38,25,0,3
BRDA:52,26,0,1
BRF:27
BRH:26
end_of_record
TN:
SF:src\components\ProtectedRoute.jsx
FN:4,ProtectedRoute
FNF:1
FNH:1
FNDA:12,ProtectedRoute
DA:1,1
DA:2,1
DA:4,12
DA:5,12
DA:7,12
DA:8,3
DA:9,3
DA:10,3
DA:11,3
DA:13,3
DA:15,12
DA:16,1
DA:17,1
DA:19,8
DA:20,8
LF:15
LH:15
BRDA:4,0,0,12
BRDA:7,1,0,9
BRDA:7,2,0,3
BRDA:15,3,0,1
BRDA:17,4,0,8
BRF:5
BRH:5
end_of_record
TN:
SF:src\context\AuthProvider.jsx
FN:5,AuthProvider
FN:11,checkAuth
FN:40,login
FN:46,logout
FNF:4
FNH:4
FNDA:17,AuthProvider
FNDA:7,checkAuth
FNDA:1,login
FNDA:2,logout
DA:1,1
DA:2,1
DA:3,1
DA:5,1
DA:6,17
DA:7,17
DA:10,17
DA:11,7
DA:12,7
DA:13,7
DA:14,7
DA:16,3
DA:17,3
DA:18,1
DA:19,3
DA:21,2
DA:22,2
DA:23,2
DA:24,2
DA:25,3
DA:27,5
DA:28,5
DA:29,7
DA:30,0
DA:31,0
DA:32,7
DA:33,7
DA:34,7
DA:35,7
DA:37,7
DA:38,17
DA:40,17
DA:41,1
DA:42,1
DA:43,1
DA:44,1
DA:46,17
DA:47,2
DA:48,2
DA:49,1
DA:50,1
DA:51,1
DA:52,2
DA:53,2
DA:54,2
DA:56,17
DA:57,17
DA:58,17
DA:59,17
DA:61,17
LF:50
LH:48
BRDA:5,0,0,17
BRDA:10,1,0,7
BRDA:11,2,0,7
BRDA:14,3,0,3
BRDA:17,4,0,1
BRDA:19,5,0,2
BRDA:25,6,0,5
BRDA:29,7,0,0
BRDA:32,8,0,5
BRDA:40,9,0,1
BRDA:46,10,0,2
BRDA:48,11,0,1
BRF:12
BRH:11
end_of_record
TN:
SF:src\context\auth.context.js
FNF:0
FNH:0
DA:1,1
DA:3,1
LF:2
LH:2
BRF:0
BRH:0
end_of_record
TN:
SF:src\hooks\useAuth.js
FN:4,useAuth
FNF:1
FNH:1
FNDA:114,useAuth
DA:1,1
DA:2,1
DA:4,1
DA:5,114
DA:6,114
DA:7,2
DA:8,2
DA:9,112
DA:10,112
LF:9
LH:9
BRDA:4,0,0,114
BRDA:6,1,0,2
BRDA:8,2,0,112
BRF:3
BRH:3
end_of_record
TN:
SF:src\pages\AnnualInventoryPage.jsx
FN:6,ChecklistModal
FN:16,handleToggleFound
FN:24,handleLocationChange
FN:32,handleSave
FN:56,onClick
FN:111,onChange
FN:119,onChange
FN:144,DiscrepanciesModal
FN:147,handleVerify
FN:169,onClick
FN:213,onClick
FN:241,AnnualInventoryPage
FN:252,queryFn
FN:258,queryFn
FN:266,queryFn
FN:274,queryFn
FN:281,handleSectionClick
FN:286,handleChecklistSave
FN:292,handleImportExcel
FN:317,handleDownloadReport
FN:357,onChange
FN:406,onClick
FN:447,onClick
FN:469,onClose
FN:479,onClose
FN:480,onVerify
FNF:26
FNH:17
FNDA:2,ChecklistModal
FNDA:1,handleToggleFound
FNDA:0,handleLocationChange
FNDA:0,handleSave
FNDA:1,onClick
FNDA:1,onChange
FNDA:0,onChange
FNDA:4,DiscrepanciesModal
FNDA:1,handleVerify
FNDA:1,onClick
FNDA:1,onClick
FNDA:19,AnnualInventoryPage
FNDA:8,queryFn
FNDA:8,queryFn
FNDA:0,queryFn
FNDA:2,queryFn
FNDA:1,handleSectionClick
FNDA:0,handleChecklistSave
FNDA:0,handleImportExcel
FNDA:1,handleDownloadReport
FNDA:0,onChange
FNDA:1,onClick
FNDA:1,onClick
FNDA:0,onClose
FNDA:0,onClose
FNDA:1,onVerify
DA:1,1
DA:2,1
DA:3,1
DA:4,1
DA:6,2
DA:7,2
DA:8,2
DA:9,4
DA:10,4
DA:11,4
DA:12,2
DA:13,2
DA:14,2
DA:16,2
DA:17,1
DA:18,1
DA:19,2
DA:20,1
DA:21,1
DA:22,1
DA:24,2
DA:25,0
DA:26,0
DA:27,0
DA:28,0
DA:29,0
DA:30,0
DA:32,2
DA:33,0
DA:34,0
DA:35,0
DA:36,0
DA:37,0
DA:38,0
DA:39,0
DA:40,0
DA:41,0
DA:42,0
DA:43,0
DA:44,0
DA:46,2
DA:48,2
DA:49,2
DA:50,2
DA:51,2
DA:53,2
DA:54,2
DA:55,2
DA:56,2
DA:58,2
DA:59,2
DA:60,2
DA:61,2
DA:63,2
DA:64,2
DA:65,2
DA:66,2
DA:67,2
DA:68,2
DA:70,2
DA:71,2
DA:72,2
DA:73,2
DA:74,2
DA:76,2
DA:77,2
DA:79,2
DA:80,2
DA:82,2
DA:83,2
DA:85,2
DA:86,2
DA:88,2
DA:89,2
DA:90,2
DA:91,2
DA:92,2
DA:93,4
DA:94,4
DA:95,4
DA:96,4
DA:97,4
DA:98,4
DA:100,4
DA:101,4
DA:102,4
DA:103,4
DA:104,4
DA:105,4
DA:106,4
DA:107,4
DA:108,4
DA:109,4
DA:110,4
DA:111,4
DA:112,4
DA:113,4
DA:114,4
DA:115,4
DA:116,4
DA:117,4
DA:118,4
DA:119,4
DA:120,4
DA:121,4
DA:122,4
DA:123,4
DA:124,4
DA:126,2
DA:127,2
DA:128,2
DA:129,2
DA:131,2
DA:132,2
DA:134,2
DA:135,2
DA:136,2
DA:137,2
DA:138,2
DA:139,2
DA:140,2
DA:142,2
DA:144,4
DA:145,4
DA:147,4
DA:148,1
DA:149,1
DA:150,1
DA:151,1
DA:152,1
DA:153,1
DA:154,0
DA:155,0
DA:156,1
DA:157,1
DA:158,1
DA:159,1
DA:161,4
DA:162,4
DA:163,4
DA:164,4
DA:166,4
DA:167,4
DA:168,4
DA:169,4
DA:171,4
DA:172,4
DA:173,4
DA:174,4
DA:176,4
DA:177,1
DA:179,1
DA:181,3
DA:182,3
DA:183,3
DA:184,3
DA:185,3
DA:187,3
DA:188,3
DA:190,3
DA:191,3
DA:193,3
DA:194,3
DA:196,3
DA:197,3
DA:198,3
DA:199,3
DA:200,3
DA:201,3
DA:202,3
DA:203,3
DA:204,3
DA:206,3
DA:207,3
DA:208,3
DA:209,3
DA:210,3
DA:211,3
DA:212,3
DA:213,3
DA:214,3
DA:215,3
DA:216,3
DA:217,3
DA:218,3
DA:219,3
DA:221,3
DA:222,3
DA:223,3
DA:224,3
DA:225,3
DA:226,3
DA:227,3
DA:228,3
DA:231,4
DA:232,4
DA:234,4
DA:235,4
DA:236,4
DA:237,4
DA:239,4
DA:241,19
DA:242,19
DA:243,19
DA:244,19
DA:245,19
DA:246,19
DA:247,19
DA:250,19
DA:251,19
DA:252,19
DA:253,19
DA:256,19
DA:257,19
DA:258,19
DA:259,8
DA:260,19
DA:261,19
DA:264,19
DA:265,19
DA:266,19
DA:267,0
DA:268,19
DA:269,19
DA:272,19
DA:273,19
DA:274,19
DA:275,2
DA:276,19
DA:277,19
DA:279,19
DA:281,19
DA:282,1
DA:283,1
DA:284,1
DA:286,19
DA:287,0
DA:288,0
DA:289,0
DA:290,0
DA:292,19
DA:293,0
DA:294,0
DA:296,0
DA:297,0
DA:298,0
DA:299,0
DA:301,0
DA:302,0
DA:303,0
DA:305,0
DA:306,0
DA:307,0
DA:308,0
DA:309,0
DA:310,0
DA:311,0
DA:312,0
DA:313,0
DA:314,0
DA:315,0
DA:317,19
DA:318,1
DA:319,1
DA:320,1
DA:321,1
DA:323,1
DA:324,1
DA:325,1
DA:326,1
DA:327,1
DA:328,1
DA:329,1
DA:330,1
DA:332,1
DA:333,1
DA:334,0
DA:335,0
DA:336,0
DA:337,1
DA:339,19
DA:340,19
DA:342,19
DA:343,19
DA:344,19
DA:346,19
DA:349,19
DA:350,19
DA:351,19
DA:353,19
DA:354,19
DA:355,19
DA:356,19
DA:357,19
DA:358,19
DA:360,19
DA:361,18
DA:362,18
DA:363,18
DA:364,19
DA:365,19
DA:366,19
DA:368,19
DA:369,19
DA:370,19
DA:371,19
DA:372,19
DA:373,19
DA:374,19
DA:375,19
DA:376,19
DA:377,19
DA:378,19
DA:379,19
DA:380,19
DA:381,19
DA:384,19
DA:385,8
DA:387,11
DA:388,11
DA:389,11
DA:390,33
DA:391,33
DA:392,33
DA:393,33
DA:394,33
DA:395,33
DA:397,33
DA:398,33
DA:399,33
DA:400,33
DA:401,33
DA:403,33
DA:404,33
DA:405,33
DA:406,33
DA:407,33
DA:409,33
DA:411,33
DA:412,33
DA:413,33
DA:414,33
DA:415,33
DA:416,33
DA:417,33
DA:419,33
DA:420,33
DA:421,33
DA:423,33
DA:424,33
DA:425,33
DA:426,33
DA:427,33
DA:428,33
DA:429,33
DA:430,33
DA:431,33
DA:432,33
DA:433,33
DA:435,33
DA:436,33
DA:437,33
DA:438,33
DA:440,11
DA:441,11
DA:444,11
DA:445,11
DA:446,11
DA:447,11
DA:448,11
DA:449,11
DA:451,11
DA:452,11
DA:453,11
DA:454,11
DA:455,11
DA:457,11
DA:458,11
DA:460,11
DA:464,19
DA:465,1
DA:466,1
DA:467,1
DA:468,1
DA:469,1
DA:470,1
DA:471,1
DA:475,19
DA:476,2
DA:477,2
DA:478,2
DA:479,2
DA:480,2
DA:481,2
DA:483,19
DA:484,19
DA:486,19
LF:397
LH:349
BRDA:6,0,0,2
BRDA:136,1,0,0
BRDA:8,2,0,4
BRDA:16,3,0,1
BRDA:17,4,0,1
BRDA:18,5,0,2
BRDA:19,6,0,1
BRDA:19,7,0,1
BRDA:46,8,0,4
BRDA:56,9,0,1
BRDA:92,10,0,4
BRDA:105,11,0,0
BRDA:111,12,0,1
BRDA:144,13,0,4
BRDA:176,14,0,1
BRDA:179,15,0,3
BRDA:147,16,0,1
BRDA:153,17,0,0
BRDA:169,18,0,1
BRDA:200,19,0,3
BRDA:214,20,0,2
BRDA:217,21,0,0
BRDA:221,22,0,0
BRDA:213,23,0,1
BRDA:241,24,0,19
BRDA:265,25,0,1
BRDA:339,26,0,8
BRDA:340,27,0,1
BRDA:340,28,0,18
BRDA:378,29,0,0
BRDA:384,30,0,8
BRDA:385,31,0,11
BRDA:464,32,0,1
BRDA:464,33,0,1
BRDA:475,34,0,2
BRDA:478,35,0,1
BRDA:252,36,0,8
BRDA:252,37,0,8
BRDA:258,38,0,8
BRDA:259,39,0,8
BRDA:274,40,0,2
BRDA:275,41,0,2
BRDA:279,42,0,16
BRDA:279,43,0,8
BRDA:281,44,0,1
BRDA:317,45,0,1
BRDA:333,46,0,0
BRDA:360,47,0,18
BRDA:389,48,0,33
BRDA:390,49,0,11
BRDA:395,50,0,0
BRDA:401,51,0,0
BRDA:406,52,0,1
BRDA:444,53,0,22
BRDA:447,54,0,1
BRDA:480,55,0,1
BRF:56
BRH:47
end_of_record
TN:
SF:src\pages\ConsumablesPage.jsx
FN:6,EditModal
FN:11,handleSave
FN:37,onClick
FN:47,onChange
FN:57,onChange
FN:68,onChange
FN:79,onChange
FN:89,onChange
FN:107,getExpiryBadge
FN:125,getStockStatus
FN:133,ConsumablesPage
FN:159,queryFn
FN:164,mutationFn
FN:165,onSuccess
FN:169,onError
FN:174,handleDelete
FN:180,handleExportCsv
FN:216,handleEditClick
FN:228,onClick
FN:252,onChange
FN:257,onFocus
FN:258,onBlur
FN:275,onClick
FN:302,onChange
FN:313,onClick
FN:425,onClick
FN:435,onClick
FN:458,onClick
FN:472,onClick
FN:485,onClose
FN:489,onSave
FNF:31
FNH:24
FNDA:24,EditModal
FNDA:2,handleSave
FNDA:4,onClick
FNDA:16,onChange
FNDA:0,onChange
FNDA:3,onChange
FNDA:0,onChange
FNDA:0,onChange
FNDA:78,getExpiryBadge
FNDA:80,getStockStatus
FNDA:73,ConsumablesPage
FNDA:35,queryFn
FNDA:1,mutationFn
FNDA:1,onSuccess
FNDA:0,onError
FNDA:1,handleDelete
FNDA:1,handleExportCsv
FNDA:1,handleEditClick
FNDA:2,onClick
FNDA:13,onChange
FNDA:3,onFocus
FNDA:2,onBlur
FNDA:1,onClick
FNDA:2,onChange
FNDA:1,onClick
FNDA:1,onClick
FNDA:1,onClick
FNDA:0,onClick
FNDA:0,onClick
FNDA:0,onClose
FNDA:2,onSave
DA:1,1
DA:2,1
DA:3,1
DA:4,1
DA:6,24
DA:7,24
DA:8,24
DA:9,24
DA:11,24
DA:12,2
DA:13,2
DA:14,2
DA:15,1
DA:16,1
DA:17,1
DA:18,1
DA:19,1
DA:20,1
DA:21,2
DA:22,2
DA:23,0
DA:24,2
DA:25,2
DA:26,2
DA:27,2
DA:29,24
DA:30,24
DA:31,24
DA:32,24
DA:34,24
DA:35,24
DA:36,24
DA:37,24
DA:39,24
DA:40,24
DA:41,24
DA:42,24
DA:43,24
DA:44,24
DA:45,24
DA:46,24
DA:47,24
DA:48,24
DA:49,24
DA:50,24
DA:51,24
DA:52,24
DA:53,24
DA:54,24
DA:55,24
DA:56,24
DA:57,24
DA:58,24
DA:59,24
DA:60,24
DA:61,24
DA:62,24
DA:63,24
DA:64,24
DA:65,24
DA:66,24
DA:67,24
DA:68,24
DA:69,24
DA:70,24
DA:71,24
DA:72,24
DA:73,24
DA:74,24
DA:75,24
DA:76,24
DA:77,24
DA:78,24
DA:79,24
DA:80,24
DA:81,24
DA:82,24
DA:83,24
DA:84,24
DA:85,24
DA:86,24
DA:87,24
DA:88,24
DA:89,24
DA:90,24
DA:91,24
DA:92,24
DA:93,24
DA:94,24
DA:95,24
DA:97,24
DA:98,24
DA:99,24
DA:100,24
DA:101,24
DA:102,24
DA:103,24
DA:105,24
DA:107,78
DA:108,78
DA:110,2
DA:111,2
DA:112,2
DA:114,50
DA:115,1
DA:116,1
DA:117,1
DA:118,1
DA:119,0
DA:120,0
DA:122,0
DA:123,0
DA:125,80
DA:126,80
DA:127,41
DA:128,65
DA:129,39
DA:130,39
DA:131,80
DA:133,73
DA:134,73
DA:135,73
DA:136,73
DA:137,73
DA:138,73
DA:140,73
DA:141,73
DA:142,73
DA:143,73
DA:144,73
DA:145,73
DA:146,73
DA:148,73
DA:149,32
DA:150,32
DA:151,32
DA:152,32
DA:153,32
DA:154,32
DA:155,73
DA:157,73
DA:158,73
DA:159,73
DA:160,73
DA:161,73
DA:163,73
DA:164,73
DA:165,73
DA:166,1
DA:167,1
DA:168,1
DA:169,73
DA:170,0
DA:171,0
DA:172,73
DA:174,73
DA:175,1
DA:176,1
DA:177,1
DA:178,1
DA:180,73
DA:181,1
DA:182,1
DA:183,0
DA:184,0
DA:185,0
DA:187,1
DA:188,1
DA:189,2
DA:190,2
DA:191,2
DA:192,2
DA:193,2
DA:194,2
DA:195,1
DA:197,1
DA:198,1
DA:199,1
DA:200,1
DA:201,1
DA:202,1
DA:203,1
DA:205,73
DA:206,73
DA:207,73
DA:209,73
DA:210,64
DA:211,22
DA:212,22
DA:213,22
DA:214,73
DA:216,73
DA:217,1
DA:218,1
DA:219,1
DA:221,73
DA:222,73
DA:223,73
DA:225,73
DA:226,73
DA:227,73
DA:228,73
DA:229,2
DA:230,2
DA:231,2
DA:232,73
DA:233,73
DA:235,73
DA:236,73
DA:239,73
DA:240,73
DA:242,73
DA:244,73
DA:245,73
DA:246,73
DA:247,73
DA:248,73
DA:249,73
DA:250,73
DA:251,73
DA:252,73
DA:253,13
DA:254,13
DA:255,13
DA:256,13
DA:257,73
DA:258,73
DA:259,73
DA:260,73
DA:261,73
DA:262,73
DA:263,73
DA:264,7
DA:265,7
DA:266,7
DA:267,7
DA:268,7
DA:269,7
DA:270,7
DA:272,7
DA:273,7
DA:274,7
DA:275,7
DA:276,1
DA:277,1
DA:278,1
DA:279,7
DA:280,7
DA:281,7
DA:283,7
DA:284,7
DA:285,7
DA:286,7
DA:287,7
DA:288,7
DA:289,7
DA:291,73
DA:294,73
DA:295,73
DA:296,73
DA:297,73
DA:298,73
DA:299,73
DA:300,73
DA:301,73
DA:302,73
DA:303,2
DA:304,2
DA:305,2
DA:306,73
DA:307,73
DA:308,73
DA:311,73
DA:312,73
DA:313,73
DA:314,1
DA:315,1
DA:316,1
DA:317,1
DA:318,73
DA:319,73
DA:321,73
DA:322,73
DA:325,73
DA:326,73
DA:328,73
DA:329,73
DA:330,73
DA:331,73
DA:334,73
DA:335,0
DA:336,0
DA:337,0
DA:341,73
DA:342,73
DA:343,32
DA:344,41
DA:345,1
DA:347,40
DA:348,40
DA:349,40
DA:350,40
DA:352,40
DA:353,40
DA:355,40
DA:356,40
DA:358,40
DA:359,40
DA:361,40
DA:362,40
DA:364,40
DA:365,40
DA:367,40
DA:368,40
DA:370,40
DA:371,40
DA:372,40
DA:373,40
DA:374,40
DA:375,78
DA:376,78
DA:378,78
DA:379,78
DA:380,78
DA:381,78
DA:382,78
DA:384,78
DA:385,78
DA:386,78
DA:387,78
DA:388,78
DA:389,78
DA:390,78
DA:391,78
DA:392,78
DA:393,78
DA:394,78
DA:395,78
DA:396,78
DA:397,78
DA:398,78
DA:399,78
DA:400,78
DA:402,78
DA:403,78
DA:404,78
DA:405,78
DA:406,78
DA:407,2
DA:408,2
DA:409,2
DA:410,2
DA:411,2
DA:412,2
DA:413,2
DA:415,2
DA:416,2
DA:418,76
DA:419,76
DA:420,76
DA:422,78
DA:423,78
DA:424,78
DA:425,78
DA:426,78
DA:427,78
DA:428,78
DA:429,78
DA:430,78
DA:431,78
DA:433,78
DA:434,78
DA:435,78
DA:436,78
DA:437,78
DA:438,78
DA:439,78
DA:440,78
DA:441,78
DA:443,78
DA:444,78
DA:445,78
DA:446,78
DA:448,40
DA:449,40
DA:450,40
DA:452,73
DA:455,73
DA:456,40
DA:457,40
DA:458,40
DA:459,40
DA:460,40
DA:461,40
DA:463,40
DA:465,40
DA:466,40
DA:467,40
DA:468,40
DA:469,40
DA:471,40
DA:472,40
DA:473,40
DA:474,40
DA:475,40
DA:477,40
DA:478,40
DA:482,73
DA:483,3
DA:484,3
DA:485,3
DA:486,0
DA:487,0
DA:488,0
DA:489,3
DA:490,2
DA:491,2
DA:492,2
DA:493,2
DA:494,3
DA:496,73
DA:497,73
DA:499,73
LF:423
LH:407
BRDA:6,0,0,24
BRDA:7,1,0,22
BRDA:9,2,0,2
BRDA:39,3,0,22
BRDA:39,4,0,2
BRDA:46,5,0,2
BRDA:56,6,0,22
BRDA:67,7,0,18
BRDA:78,8,0,22
BRDA:88,9,0,0
BRDA:99,10,0,2
BRDA:99,11,0,22
BRDA:99,12,0,21
BRDA:99,13,0,1
BRDA:11,14,0,2
BRDA:14,15,0,1
BRDA:22,16,0,0
BRDA:37,17,0,4
BRDA:47,18,0,16
BRDA:68,19,0,3
BRDA:68,20,0,0
BRDA:107,21,0,78
BRDA:108,22,0,76
BRDA:108,23,0,50
BRDA:108,24,0,2
BRDA:114,25,0,1
BRDA:118,26,0,0
BRDA:120,27,0,0
BRDA:125,28,0,80
BRDA:126,29,0,65
BRDA:126,30,0,41
BRDA:128,31,0,39
BRDA:133,32,0,73
BRDA:205,33,0,41
BRDA:205,34,0,32
BRDA:206,35,0,41
BRDA:206,36,0,32
BRDA:207,37,0,32
BRDA:261,38,0,31
BRDA:263,39,0,31
BRDA:263,40,0,7
BRDA:334,41,0,0
BRDA:342,42,0,32
BRDA:343,43,0,41
BRDA:344,44,0,1
BRDA:345,45,0,40
BRDA:455,46,0,40
BRDA:468,47,0,0
BRDA:482,48,0,3
BRDA:148,49,0,32
BRDA:150,50,0,14
BRDA:151,51,0,2
BRDA:159,52,0,35
BRDA:159,53,0,35
BRDA:164,54,0,1
BRDA:165,55,0,1
BRDA:174,56,0,1
BRDA:180,57,0,1
BRDA:181,58,0,0
BRDA:182,59,0,0
BRDA:188,60,0,2
BRDA:190,61,0,0
BRDA:194,62,0,0
BRDA:197,63,0,3
BRDA:197,64,0,18
BRDA:209,65,0,64
BRDA:210,66,0,28
BRDA:210,67,0,42
BRDA:210,68,0,22
BRDA:212,69,0,22
BRDA:216,70,0,1
BRDA:228,71,0,2
BRDA:252,72,0,13
BRDA:257,73,0,3
BRDA:258,74,0,2
BRDA:258,75,0,2
BRDA:272,76,0,7
BRDA:285,77,0,0
BRDA:285,78,0,0
BRDA:275,79,0,1
BRDA:302,80,0,2
BRDA:313,81,0,1
BRDA:374,82,0,78
BRDA:390,83,0,0
BRDA:406,84,0,2
BRDA:416,85,0,76
BRDA:419,86,0,0
BRDA:443,87,0,0
BRDA:425,88,0,1
BRDA:435,89,0,1
BRDA:489,90,0,2
BRF:91
BRH:75
end_of_record
TN:
SF:src\pages\DeviceForm.jsx
FN:29,StepIndicator
FN:69,DeviceForm
FN:93,queryFn
FN:101,queryFn
FN:103,onSuccess
FN:116,mutationFn
FN:117,onSuccess
FN:122,onError
FN:128,mutationFn
FN:129,onSuccess
FN:135,onError
FN:141,mutationFn
FN:142,onSuccess
FN:151,onError
FN:156,handleDocumentUpload
FN:193,handleNext
FN:199,handlePrev
FN:205,onSubmit
FN:316,render
FN:322,onChange
FN:325,control
FN:331,menu
FN:336,option
FN:354,render
FN:360,onChange
FN:363,control
FN:369,menu
FN:374,option
FN:392,render
FN:398,onChange
FN:401,control
FN:407,menu
FN:412,option
FN:442,render
FN:445,onChange
FN:508,render
FN:511,onChange
FN:614,onClick
FN:673,onClick
FNF:39
FNH:16
FNDA:47,StepIndicator
FNDA:52,DeviceForm
FNDA:11,queryFn
FNDA:2,queryFn
FNDA:0,onSuccess
FNDA:1,mutationFn
FNDA:1,onSuccess
FNDA:0,onError
FNDA:0,mutationFn
FNDA:0,onSuccess
FNDA:0,onError
FNDA:0,mutationFn
FNDA:0,onSuccess
FNDA:0,onError
FNDA:0,handleDocumentUpload
FNDA:16,handleNext
FNDA:3,handlePrev
FNDA:1,onSubmit
FNDA:8,render
FNDA:0,onChange
FNDA:0,control
FNDA:0,menu
FNDA:0,option
FNDA:8,render
FNDA:0,onChange
FNDA:0,control
FNDA:0,menu
FNDA:0,option
FNDA:10,render
FNDA:2,onChange
FNDA:0,control
FNDA:0,menu
FNDA:0,option
FNDA:3,render
FNDA:0,onChange
FNDA:2,render
FNDA:0,onChange
FNDA:0,onClick
FNDA:1,onClick
DA:1,1
DA:2,1
DA:3,1
DA:4,1
DA:5,1
DA:6,1
DA:7,1
DA:8,1
DA:9,1
DA:10,1
DA:11,1
DA:13,1
DA:14,1
DA:15,1
DA:16,1
DA:17,1
DA:18,1
DA:20,1
DA:21,1
DA:22,1
DA:23,1
DA:24,1
DA:25,1
DA:26,1
DA:27,1
DA:29,47
DA:30,47
DA:31,47
DA:32,47
DA:33,47
DA:34,282
DA:35,282
DA:36,282
DA:37,282
DA:38,282
DA:39,282
DA:40,43
DA:41,239
DA:42,47
DA:43,192
DA:44,282
DA:45,282
DA:46,282
DA:47,282
DA:49,282
DA:50,282
DA:51,282
DA:52,235
DA:53,235
DA:54,235
DA:55,235
DA:56,235
DA:57,235
DA:59,282
DA:60,47
DA:61,47
DA:62,47
DA:63,47
DA:64,47
DA:65,47
DA:67,47
DA:69,52
DA:70,52
DA:71,52
DA:72,52
DA:73,52
DA:74,52
DA:75,52
DA:76,52
DA:78,52
DA:80,52
DA:81,52
DA:82,52
DA:83,52
DA:84,52
DA:85,52
DA:86,52
DA:87,52
DA:88,52
DA:91,52
DA:92,52
DA:93,52
DA:94,52
DA:96,52
DA:99,52
DA:100,52
DA:101,52
DA:102,52
DA:103,52
DA:104,0
DA:105,0
DA:106,0
DA:107,0
DA:108,0
DA:109,0
DA:110,0
DA:111,0
DA:112,52
DA:115,52
DA:116,52
DA:117,52
DA:118,1
DA:119,1
DA:120,1
DA:121,1
DA:122,52
DA:123,0
DA:124,0
DA:125,52
DA:127,52
DA:128,52
DA:129,52
DA:130,0
DA:131,0
DA:132,0
DA:133,0
DA:134,0
DA:135,52
DA:136,0
DA:137,0
DA:138,52
DA:140,52
DA:141,52
DA:142,52
DA:143,0
DA:144,0
DA:145,0
DA:146,0
DA:147,0
DA:148,0
DA:149,0
DA:150,0
DA:151,52
DA:152,0
DA:153,0
DA:154,52
DA:156,52
DA:157,0
DA:158,0
DA:160,0
DA:161,0
DA:162,0
DA:163,0
DA:165,0
DA:166,0
DA:168,0
DA:169,0
DA:170,0
DA:171,0
DA:172,0
DA:173,0
DA:174,0
DA:175,0
DA:176,0
DA:177,0
DA:178,0
DA:179,0
DA:180,0
DA:181,0
DA:182,0
DA:183,0
DA:185,52
DA:186,4
DA:187,4
DA:188,4
DA:189,4
DA:191,4
DA:193,48
DA:194,16
DA:195,16
DA:196,16
DA:197,16
DA:199,48
DA:200,3
DA:201,3
DA:202,3
DA:203,3
DA:205,48
DA:206,1
DA:207,0
DA:208,1
DA:209,1
DA:210,1
DA:211,1
DA:213,48
DA:214,48
DA:215,48
DA:216,48
DA:217,52
DA:218,52
DA:219,52
DA:221,52
DA:223,52
DA:225,52
DA:227,52
DA:228,29
DA:229,29
DA:231,29
DA:232,29
DA:234,29
DA:235,29
DA:236,29
DA:237,29
DA:238,29
DA:239,29
DA:240,29
DA:241,29
DA:242,0
DA:243,0
DA:244,0
DA:246,29
DA:248,29
DA:249,29
DA:251,29
DA:252,29
DA:253,29
DA:254,29
DA:255,29
DA:256,29
DA:257,29
DA:258,29
DA:259,0
DA:260,0
DA:261,0
DA:263,29
DA:265,29
DA:266,29
DA:267,29
DA:269,29
DA:270,29
DA:271,29
DA:273,29
DA:274,29
DA:276,29
DA:277,29
DA:278,29
DA:279,29
DA:281,29
DA:282,29
DA:283,29
DA:285,29
DA:286,29
DA:287,29
DA:289,29
DA:290,29
DA:292,29
DA:293,29
DA:294,29
DA:295,29
DA:296,29
DA:297,29
DA:298,29
DA:299,29
DA:300,29
DA:301,29
DA:305,52
DA:306,8
DA:307,8
DA:309,8
DA:310,8
DA:312,8
DA:313,8
DA:314,8
DA:315,8
DA:316,8
DA:317,8
DA:318,8
DA:319,8
DA:320,8
DA:321,8
DA:322,8
DA:323,8
DA:324,8
DA:325,8
DA:326,0
DA:327,0
DA:328,0
DA:329,0
DA:330,0
DA:331,8
DA:332,0
DA:333,0
DA:334,0
DA:335,0
DA:336,8
DA:337,0
DA:338,0
DA:339,0
DA:340,0
DA:341,8
DA:342,8
DA:344,8
DA:345,8
DA:347,8
DA:348,8
DA:350,8
DA:351,8
DA:352,8
DA:353,8
DA:354,8
DA:355,8
DA:356,8
DA:357,8
DA:358,8
DA:359,8
DA:360,8
DA:361,8
DA:362,8
DA:363,8
DA:364,0
DA:365,0
DA:366,0
DA:367,0
DA:368,0
DA:369,8
DA:370,0
DA:371,0
DA:372,0
DA:373,0
DA:374,8
DA:375,0
DA:376,0
DA:377,0
DA:378,0
DA:379,8
DA:380,8
DA:382,8
DA:383,8
DA:385,8
DA:386,8
DA:388,8
DA:389,8
DA:390,8
DA:391,8
DA:392,8
DA:393,10
DA:394,10
DA:395,10
DA:396,10
DA:397,10
DA:398,10
DA:399,10
DA:400,10
DA:401,10
DA:402,0
DA:403,0
DA:404,0
DA:405,0
DA:406,0
DA:407,10
DA:408,0
DA:409,0
DA:410,0
DA:411,0
DA:412,10
DA:413,0
DA:414,0
DA:415,0
DA:416,0
DA:417,10
DA:418,10
DA:420,8
DA:421,8
DA:422,0
DA:423,0
DA:424,0
DA:426,8
DA:427,8
DA:431,52
DA:432,3
DA:433,3
DA:435,3
DA:436,3
DA:438,3
DA:439,3
DA:440,3
DA:441,3
DA:442,3
DA:443,3
DA:444,3
DA:445,3
DA:446,3
DA:447,3
DA:448,3
DA:449,3
DA:451,3
DA:452,3
DA:454,3
DA:455,3
DA:457,3
DA:458,3
DA:459,3
DA:461,3
DA:462,3
DA:464,3
DA:465,3
DA:466,3
DA:467,3
DA:471,52
DA:472,2
DA:473,2
DA:475,2
DA:476,2
DA:477,2
DA:479,2
DA:480,2
DA:481,2
DA:482,2
DA:483,2
DA:484,2
DA:485,2
DA:486,2
DA:487,2
DA:489,2
DA:490,2
DA:492,2
DA:493,2
DA:494,2
DA:495,2
DA:496,2
DA:497,2
DA:498,2
DA:499,2
DA:501,2
DA:502,2
DA:504,2
DA:505,2
DA:506,2
DA:507,2
DA:508,2
DA:509,2
DA:510,2
DA:511,2
DA:512,2
DA:513,2
DA:514,2
DA:515,2
DA:517,2
DA:518,2
DA:519,2
DA:523,52
DA:524,2
DA:525,2
DA:527,2
DA:528,2
DA:530,2
DA:531,2
DA:532,2
DA:534,2
DA:535,2
DA:537,2
DA:538,2
DA:539,2
DA:541,2
DA:542,2
DA:544,2
DA:545,2
DA:546,2
DA:547,2
DA:548,2
DA:549,2
DA:550,2
DA:551,2
DA:552,2
DA:554,2
DA:555,2
DA:557,2
DA:558,2
DA:559,2
DA:560,2
DA:561,2
DA:562,2
DA:563,2
DA:564,2
DA:565,2
DA:566,2
DA:570,52
DA:571,4
DA:572,4
DA:573,4
DA:575,4
DA:577,4
DA:578,4
DA:579,4
DA:580,4
DA:581,4
DA:582,4
DA:584,4
DA:585,4
DA:587,4
DA:588,4
DA:589,4
DA:590,4
DA:591,4
DA:593,4
DA:594,4
DA:595,4
DA:596,4
DA:597,4
DA:599,4
DA:600,4
DA:601,4
DA:602,4
DA:603,4
DA:605,4
DA:606,4
DA:607,4
DA:608,4
DA:610,4
DA:611,1
DA:612,1
DA:613,1
DA:614,1
DA:615,1
DA:616,1
DA:617,1
DA:619,1
DA:621,1
DA:622,1
DA:624,1
DA:625,1
DA:626,1
DA:627,1
DA:628,1
DA:629,1
DA:630,1
DA:631,1
DA:632,1
DA:633,1
DA:634,0
DA:636,1
DA:637,0
DA:639,1
DA:640,1
DA:642,4
DA:646,52
DA:647,52
DA:648,52
DA:649,52
DA:650,52
DA:651,52
DA:652,52
DA:654,52
DA:656,52
DA:657,44
DA:659,44
DA:661,4
DA:662,4
DA:663,4
DA:664,4
DA:666,4
DA:667,4
DA:669,52
DA:671,52
DA:672,52
DA:673,52
DA:674,52
DA:675,52
DA:677,52
DA:678,52
DA:679,52
DA:680,52
DA:682,52
LF:563
LH:461
BRDA:29,0,0,47
BRDA:33,1,0,282
BRDA:39,2,0,43
BRDA:40,3,0,239
BRDA:41,4,0,47
BRDA:42,5,0,192
BRDA:44,6,0,239
BRDA:44,7,0,90
BRDA:44,8,0,192
BRDA:46,9,0,90
BRDA:46,10,0,192
BRDA:49,11,0,43
BRDA:49,12,0,239
BRDA:51,13,0,235
BRDA:55,14,0,43
BRDA:55,15,0,192
BRDA:69,16,0,52
BRDA:185,17,0,4
BRDA:191,18,0,48
BRDA:217,19,0,7
BRDA:217,20,0,41
BRDA:227,21,0,29
BRDA:241,22,0,0
BRDA:258,23,0,0
BRDA:305,24,0,8
BRDA:421,25,0,0
BRDA:431,26,0,3
BRDA:471,27,0,2
BRDA:523,28,0,2
BRDA:570,29,0,4
BRDA:610,30,0,1
BRDA:633,31,0,0
BRDA:636,32,0,0
BRDA:656,33,0,44
BRDA:659,34,0,4
BRDA:666,35,0,0
BRDA:93,36,0,11
BRDA:93,37,0,11
BRDA:96,38,0,60
BRDA:101,39,0,2
BRDA:101,40,0,2
BRDA:116,41,0,1
BRDA:117,42,0,1
BRDA:193,43,0,16
BRDA:199,44,0,3
BRDA:205,45,0,1
BRDA:206,46,0,0
BRDA:316,47,0,8
BRDA:321,48,0,24
BRDA:354,49,0,8
BRDA:359,50,0,8
BRDA:392,51,0,10
BRDA:397,52,0,19
BRDA:398,53,0,2
BRDA:442,54,0,3
BRDA:444,55,0,0
BRDA:508,56,0,2
BRDA:510,57,0,0
BRDA:606,58,0,4
BRDA:673,59,0,1
BRF:60
BRH:51
end_of_record
TN:
SF:src\pages\InventoryPage.jsx
FN:26,getStatusStyle
FN:38,EditModal
FN:42,handleSave
FN:63,onClick
FN:71,onChange
FN:93,InventoryPage
FN:125,queryFn
FN:132,queryFn
FN:137,mutationFn
FN:138,onSuccess
FN:142,onError
FN:147,handleDelete
FN:153,handleExportExcel
FN:167,handleExportCsv
FN:197,handleEditClick
FN:232,onChange
FN:237,onFocus
FN:238,onBlur
FN:257,onClick
FN:285,onChange
FN:309,onChange
FN:331,onChange
FN:349,onClick
FN:454,onClick
FN:476,onClick
FN:499,onClick
FN:513,onClick
FN:526,onClose
FN:530,onSave
FNF:29
FNH:25
FNDA:98,getStatusStyle
FNDA:2,EditModal
FNDA:1,handleSave
FNDA:1,onClick
FNDA:0,onChange
FNDA:112,InventoryPage
FNDA:55,queryFn
FNDA:20,queryFn
FNDA:1,mutationFn
FNDA:1,onSuccess
FNDA:0,onError
FNDA:1,handleDelete
FNDA:1,handleExportExcel
FNDA:1,handleExportCsv
FNDA:1,handleEditClick
FNDA:23,onChange
FNDA:4,onFocus
FNDA:3,onBlur
FNDA:1,onClick
FNDA:3,onChange
FNDA:2,onChange
FNDA:1,onChange
FNDA:2,onClick
FNDA:1,onClick
FNDA:1,onClick
FNDA:0,onClick
FNDA:1,onClick
FNDA:0,onClose
FNDA:1,onSave
DA:1,1
DA:2,1
DA:3,1
DA:4,1
DA:5,1
DA:6,1
DA:8,1
DA:9,1
DA:10,1
DA:11,1
DA:12,1
DA:13,1
DA:14,1
DA:15,1
DA:17,1
DA:18,1
DA:19,1
DA:20,1
DA:21,1
DA:22,1
DA:23,1
DA:24,1
DA:26,1
DA:27,98
DA:28,98
DA:29,98
DA:30,98
DA:31,98
DA:32,98
DA:33,98
DA:34,98
DA:35,98
DA:36,98
DA:38,2
DA:39,2
DA:40,2
DA:42,2
DA:43,1
DA:44,1
DA:45,1
DA:46,1
DA:47,1
DA:48,1
DA:49,0
DA:50,1
DA:51,1
DA:52,1
DA:53,1
DA:55,2
DA:56,2
DA:57,2
DA:58,2
DA:60,2
DA:61,2
DA:62,2
DA:63,2
DA:65,2
DA:66,2
DA:67,2
DA:68,2
DA:69,2
DA:70,2
DA:71,2
DA:72,2
DA:74,2
DA:75,12
DA:76,2
DA:77,2
DA:78,2
DA:79,2
DA:80,2
DA:81,2
DA:83,2
DA:84,2
DA:85,2
DA:86,2
DA:87,2
DA:88,2
DA:89,2
DA:91,2
DA:93,112
DA:94,112
DA:95,112
DA:96,112
DA:97,112
DA:98,112
DA:101,112
DA:102,112
DA:103,112
DA:104,112
DA:105,112
DA:106,112
DA:107,112
DA:108,112
DA:111,112
DA:112,53
DA:113,53
DA:114,53
DA:115,53
DA:116,53
DA:117,53
DA:118,53
DA:119,53
DA:120,112
DA:123,112
DA:124,112
DA:125,112
DA:126,112
DA:127,112
DA:130,112
DA:131,112
DA:132,112
DA:133,112
DA:136,112
DA:137,112
DA:138,112
DA:139,1
DA:140,1
DA:141,1
DA:142,112
DA:143,0
DA:144,0
DA:145,112
DA:147,112
DA:148,1
DA:149,1
DA:150,1
DA:151,1
DA:153,112
DA:154,1
DA:155,1
DA:156,1
DA:157,1
DA:158,1
DA:159,1
DA:160,1
DA:161,1
DA:162,1
DA:163,1
DA:164,1
DA:165,1
DA:167,112
DA:168,1
DA:169,1
DA:170,1
DA:171,1
DA:172,1
DA:173,1
DA:174,1
DA:175,1
DA:176,1
DA:177,1
DA:178,1
DA:179,1
DA:181,112
DA:182,112
DA:183,112
DA:186,112
DA:187,105
DA:188,44
DA:189,44
DA:190,44
DA:191,38
DA:192,37
DA:193,44
DA:194,44
DA:195,112
DA:197,112
DA:198,1
DA:199,1
DA:200,1
DA:202,112
DA:203,112
DA:204,112
DA:206,112
DA:207,112
DA:208,112
DA:210,112
DA:211,112
DA:214,112
DA:217,112
DA:218,112
DA:220,112
DA:222,112
DA:223,112
DA:225,112
DA:226,112
DA:227,112
DA:228,112
DA:229,112
DA:230,112
DA:231,112
DA:232,112
DA:233,23
DA:234,23
DA:235,23
DA:236,23
DA:237,112
DA:238,112
DA:239,112
DA:240,112
DA:241,112
DA:242,112
DA:243,112
DA:244,112
DA:245,18
DA:246,18
DA:247,18
DA:248,18
DA:249,18
DA:250,18
DA:251,18
DA:252,18
DA:254,18
DA:255,18
DA:256,18
DA:257,18
DA:258,1
DA:259,1
DA:260,1
DA:261,18
DA:262,18
DA:263,18
DA:265,18
DA:266,18
DA:267,18
DA:268,18
DA:269,18
DA:270,18
DA:271,18
DA:272,18
DA:273,18
DA:275,112
DA:278,112
DA:279,112
DA:281,112
DA:282,112
DA:283,112
DA:284,112
DA:285,112
DA:286,3
DA:287,3
DA:288,3
DA:289,112
DA:291,112
DA:292,112
DA:293,112
DA:294,112
DA:295,112
DA:296,112
DA:297,112
DA:298,112
DA:299,112
DA:302,112
DA:303,112
DA:305,112
DA:306,112
DA:307,112
DA:308,112
DA:309,112
DA:310,2
DA:311,2
DA:312,2
DA:313,112
DA:315,112
DA:316,112
DA:317,112
DA:318,112
DA:319,112
DA:320,112
DA:321,112
DA:324,112
DA:325,112
DA:327,112
DA:328,112
DA:329,112
DA:330,112
DA:331,112
DA:332,1
DA:333,1
DA:334,1
DA:335,112
DA:337,112
DA:338,112
DA:339,180
DA:340,180
DA:341,180
DA:342,112
DA:343,112
DA:344,112
DA:347,112
DA:348,112
DA:349,112
DA:350,2
DA:351,2
DA:352,2
DA:353,2
DA:354,112
DA:355,112
DA:357,112
DA:358,112
DA:359,112
DA:362,112
DA:363,112
DA:365,112
DA:366,112
DA:368,112
DA:369,112
DA:370,112
DA:373,112
DA:374,0
DA:375,0
DA:376,0
DA:380,112
DA:381,0
DA:382,0
DA:383,0
DA:387,112
DA:388,112
DA:389,53
DA:390,59
DA:391,2
DA:393,57
DA:394,57
DA:395,57
DA:396,57
DA:398,57
DA:399,57
DA:401,57
DA:402,57
DA:404,57
DA:405,57
DA:407,57
DA:408,57
DA:410,57
DA:411,57
DA:413,57
DA:414,57
DA:416,57
DA:417,57
DA:418,57
DA:419,57
DA:420,57
DA:421,98
DA:422,98
DA:423,98
DA:424,98
DA:425,98
DA:426,98
DA:428,98
DA:429,98
DA:430,98
DA:431,98
DA:432,98
DA:433,98
DA:434,98
DA:435,98
DA:436,98
DA:437,98
DA:438,98
DA:439,98
DA:440,98
DA:441,98
DA:442,98
DA:443,98
DA:444,98
DA:445,98
DA:446,98
DA:448,98
DA:449,98
DA:450,98
DA:451,98
DA:452,98
DA:453,98
DA:454,98
DA:455,98
DA:456,98
DA:457,98
DA:458,98
DA:459,98
DA:460,98
DA:462,98
DA:463,98
DA:464,98
DA:465,98
DA:466,98
DA:467,98
DA:468,98
DA:469,98
DA:470,98
DA:471,98
DA:472,98
DA:474,98
DA:475,98
DA:476,98
DA:477,98
DA:478,98
DA:479,98
DA:480,98
DA:481,98
DA:482,98
DA:484,98
DA:485,98
DA:486,98
DA:487,98
DA:489,57
DA:490,57
DA:491,57
DA:493,112
DA:496,112
DA:497,57
DA:498,57
DA:499,57
DA:500,57
DA:501,57
DA:502,57
DA:504,57
DA:506,57
DA:507,57
DA:508,57
DA:509,57
DA:510,57
DA:512,57
DA:513,57
DA:514,57
DA:515,57
DA:516,57
DA:518,57
DA:519,57
DA:523,112
DA:524,1
DA:525,1
DA:526,1
DA:527,0
DA:528,0
DA:529,0
DA:530,1
DA:531,1
DA:532,1
DA:533,1
DA:534,1
DA:535,1
DA:537,112
DA:538,112
DA:540,112
LF:445
LH:433
BRDA:26,0,0,98
BRDA:35,1,0,0
BRDA:38,2,0,2
BRDA:39,3,0,0
BRDA:70,4,0,0
BRDA:85,5,0,1
BRDA:85,6,0,1
BRDA:42,7,0,1
BRDA:48,8,0,0
BRDA:63,9,0,1
BRDA:74,10,0,12
BRDA:93,11,0,112
BRDA:181,12,0,59
BRDA:181,13,0,53
BRDA:182,14,0,59
BRDA:182,15,0,53
BRDA:183,16,0,53
BRDA:241,17,0,56
BRDA:244,18,0,56
BRDA:244,19,0,18
BRDA:338,20,0,92
BRDA:373,21,0,0
BRDA:380,22,0,0
BRDA:388,23,0,53
BRDA:389,24,0,59
BRDA:390,25,0,2
BRDA:391,26,0,57
BRDA:496,27,0,57
BRDA:509,28,0,0
BRDA:523,29,0,1
BRDA:523,30,0,1
BRDA:111,31,0,53
BRDA:113,32,0,26
BRDA:114,33,0,4
BRDA:115,34,0,3
BRDA:116,35,0,1
BRDA:125,36,0,55
BRDA:125,37,0,55
BRDA:132,38,0,20
BRDA:132,39,0,20
BRDA:137,40,0,1
BRDA:138,41,0,1
BRDA:147,42,0,1
BRDA:153,43,0,1
BRDA:156,44,0,1
BRDA:167,45,0,1
BRDA:170,46,0,1
BRDA:186,47,0,105
BRDA:187,48,0,52
BRDA:187,49,0,61
BRDA:187,50,0,44
BRDA:190,51,0,38
BRDA:191,52,0,37
BRDA:197,53,0,1
BRDA:232,54,0,23
BRDA:237,55,0,4
BRDA:238,56,0,3
BRDA:238,57,0,3
BRDA:254,58,0,18
BRDA:257,59,0,1
BRDA:285,60,0,3
BRDA:309,61,0,2
BRDA:331,62,0,1
BRDA:338,63,0,180
BRDA:349,64,0,2
BRDA:420,65,0,98
BRDA:434,66,0,0
BRDA:437,67,0,0
BRDA:451,68,0,0
BRDA:484,69,0,0
BRDA:454,70,0,1
BRDA:476,71,0,1
BRDA:513,72,0,1
BRDA:513,73,0,1
BRDA:530,74,0,1
BRF:75
BRH:64
end_of_record
TN:
SF:src\pages\Login.jsx
FN:4,Login
FN:11,handleSubmit
FN:111,onChange
FN:130,onChange
FNF:4
FNH:4
FNDA:69,Login
FNDA:4,handleSubmit
FNDA:32,onChange
FNDA:20,onChange
DA:1,1
DA:2,1
DA:4,69
DA:5,69
DA:6,69
DA:7,69
DA:8,69
DA:9,69
DA:11,69
DA:12,4
DA:13,4
DA:14,4
DA:15,4
DA:16,4
DA:17,2
DA:18,2
DA:19,2
DA:20,4
DA:21,4
DA:22,4
DA:23,4
DA:25,69
DA:26,69
DA:27,69
DA:28,69
DA:31,69
DA:32,69
DA:33,69
DA:35,69
DA:36,69
DA:37,69
DA:38,69
DA:39,69
DA:41,69
DA:42,69
DA:44,69
DA:45,69
DA:47,69
DA:49,69
DA:50,69
DA:51,69
DA:52,69
DA:53,69
DA:55,69
DA:56,69
DA:57,69
DA:60,69
DA:61,69
DA:62,69
DA:63,69
DA:64,69
DA:66,69
DA:67,69
DA:68,69
DA:71,69
DA:72,69
DA:73,69
DA:74,69
DA:75,69
DA:77,69
DA:78,69
DA:79,69
DA:80,69
DA:82,69
DA:84,69
DA:85,69
DA:88,69
DA:89,69
DA:90,69
DA:91,69
DA:92,69
DA:93,69
DA:94,69
DA:95,69
DA:97,69
DA:98,69
DA:100,69
DA:102,69
DA:103,69
DA:104,69
DA:106,69
DA:107,69
DA:108,69
DA:109,69
DA:110,69
DA:111,69
DA:112,69
DA:113,69
DA:114,69
DA:115,69
DA:116,69
DA:117,69
DA:118,69
DA:119,69
DA:120,69
DA:122,69
DA:123,69
DA:125,69
DA:126,69
DA:127,69
DA:128,69
DA:129,69
DA:130,69
DA:131,69
DA:132,69
DA:133,69
DA:134,69
DA:135,69
DA:136,69
DA:137,69
DA:138,69
DA:140,69
DA:141,2
DA:142,2
DA:143,2
DA:146,69
DA:147,69
DA:148,69
DA:149,69
DA:150,69
DA:152,69
DA:153,69
DA:154,69
DA:156,69
DA:157,69
DA:158,69
DA:159,69
DA:160,69
DA:161,69
DA:163,69
LF:130
LH:130
BRDA:4,0,0,69
BRDA:140,1,0,2
BRDA:152,2,0,4
BRDA:152,3,0,65
BRDA:11,4,0,4
BRDA:16,5,0,2
BRDA:18,6,0,1
BRDA:18,7,0,1
BRDA:111,8,0,32
BRDA:130,9,0,20
BRF:10
BRH:10
end_of_record
TN:
SF:src\schemas\deviceSchema.js
FN:43,errorMap
FN:58,errorMap
FNF:2
FNH:0
FNDA:0,errorMap
FNDA:0,errorMap
DA:1,1
DA:3,1
DA:4,1
DA:5,1
DA:6,1
DA:7,1
DA:9,1
DA:10,1
DA:11,1
DA:13,1
DA:14,1
DA:15,1
DA:16,1
DA:18,1
DA:19,1
DA:20,1
DA:21,1
DA:23,1
DA:24,1
DA:25,1
DA:26,1
DA:28,1
DA:29,1
DA:30,1
DA:31,1
DA:33,1
DA:34,1
DA:35,1
DA:36,1
DA:37,1
DA:38,1
DA:39,1
DA:40,1
DA:42,1
DA:43,1
DA:44,1
DA:46,1
DA:47,1
DA:48,1
DA:49,1
DA:51,1
DA:52,1
DA:53,1
DA:54,1
DA:56,1
DA:57,1
DA:58,1
DA:59,1
DA:61,1
DA:62,1
DA:63,1
DA:64,1
DA:65,1
DA:67,1
DA:68,1
DA:69,1
DA:70,1
DA:72,1
DA:73,1
DA:74,1
DA:75,1
DA:76,1
DA:78,1
DA:79,1
DA:80,1
DA:81,1
DA:82,1
DA:84,1
DA:85,1
DA:86,1
DA:87,1
DA:88,1
DA:89,1
DA:91,1
DA:92,1
DA:93,1
DA:94,1
DA:95,1
DA:96,1
DA:98,1
DA:99,1
DA:100,1
DA:102,1
DA:103,1
DA:104,1
DA:105,1
DA:107,1
DA:108,1
DA:109,1
DA:110,1
DA:112,1
DA:113,1
DA:114,1
DA:115,1
DA:117,1
DA:118,1
DA:119,1
DA:120,1
DA:122,1
DA:123,1
DA:124,1
DA:125,1
DA:126,1
DA:127,1
DA:128,1
DA:130,1
DA:131,1
DA:132,1
DA:133,1
DA:134,1
LF:110
LH:110
BRF:0
BRH:0
end_of_record
