{"C:\\Users\\janea\\simdm\\backend\\src\\jobs\\cleanupTokens.js": {"path":"C:\\Users\\janea\\simdm\\backend\\src\\jobs\\cleanupTokens.js","statementMap":{"0":{"start":{"line":1,"column":15},"end":{"line":1,"column":31}},"1":{"start":{"line":4,"column":2},"end":{"line":18,"column":null}},"2":{"start":{"line":5,"column":19},"end":{"line":12,"column":6}},"3":{"start":{"line":13,"column":4},"end":{"line":13,"column":null}},"4":{"start":{"line":14,"column":4},"end":{"line":14,"column":null}},"5":{"start":{"line":16,"column":4},"end":{"line":16,"column":null}},"6":{"start":{"line":17,"column":4},"end":{"line":17,"column":null}},"7":{"start":{"line":21,"column":0},"end":{"line":21,"column":null}}},"fnMap":{"0":{"name":"cleanupExpiredTokens","decl":{"start":{"line":3,"column":15},"end":{"line":3,"column":35}},"loc":{"start":{"line":3,"column":38},"end":{"line":19,"column":null}},"line":3}},"branchMap":{},"s":{"0":12,"1":4,"2":4,"3":3,"4":3,"5":1,"6":1,"7":12},"f":{"0":4},"b":{},"meta":{"lastBranch":0,"lastFunction":1,"lastStatement":8,"seen":{"s:1:15:1:31":0,"f:3:15:3:35":0,"s:4:2:18:Infinity":1,"s:5:19:12:6":2,"s:13:4:13:Infinity":3,"s:14:4:14:Infinity":4,"s:16:4:16:Infinity":5,"s:17:4:17:Infinity":6,"s:21:0:21:Infinity":7}}}
,"C:\\Users\\janea\\simdm\\backend\\src\\middleware\\antivirus.js": {"path":"C:\\Users\\janea\\simdm\\backend\\src\\middleware\\antivirus.js","statementMap":{"0":{"start":{"line":1,"column":11},"end":{"line":1,"column":24}},"1":{"start":{"line":2,"column":13},"end":{"line":2,"column":28}},"2":{"start":{"line":3,"column":29},"end":{"line":3,"column":49}},"3":{"start":{"line":6,"column":24},"end":{"line":16,"column":1}},"4":{"start":{"line":19,"column":22},"end":{"line":19,"column":38}},"5":{"start":{"line":26,"column":2},"end":{"line":52,"column":null}},"6":{"start":{"line":27,"column":25},"end":{"line":27,"column":57}},"7":{"start":{"line":29,"column":4},"end":{"line":35,"column":null}},"8":{"start":{"line":31,"column":6},"end":{"line":33,"column":null}},"9":{"start":{"line":32,"column":8},"end":{"line":32,"column":null}},"10":{"start":{"line":34,"column":6},"end":{"line":34,"column":null}},"11":{"start":{"line":38,"column":4},"end":{"line":40,"column":null}},"12":{"start":{"line":39,"column":6},"end":{"line":39,"column":null}},"13":{"start":{"line":43,"column":4},"end":{"line":47,"column":null}},"14":{"start":{"line":44,"column":6},"end":{"line":46,"column":null}},"15":{"start":{"line":49,"column":4},"end":{"line":49,"column":null}},"16":{"start":{"line":51,"column":4},"end":{"line":51,"column":null}},"17":{"start":{"line":61,"column":2},"end":{"line":64,"column":null}},"18":{"start":{"line":63,"column":4},"end":{"line":63,"column":null}},"19":{"start":{"line":66,"column":2},"end":{"line":88,"column":null}},"20":{"start":{"line":67,"column":21},"end":{"line":67,"column":40}},"21":{"start":{"line":68,"column":21},"end":{"line":72,"column":6}},"22":{"start":{"line":74,"column":36},"end":{"line":74,"column":69}},"23":{"start":{"line":76,"column":4},"end":{"line":79,"column":null}},"24":{"start":{"line":77,"column":6},"end":{"line":77,"column":null}},"25":{"start":{"line":78,"column":6},"end":{"line":78,"column":null}},"26":{"start":{"line":81,"column":4},"end":{"line":81,"column":null}},"27":{"start":{"line":84,"column":4},"end":{"line":86,"column":null}},"28":{"start":{"line":87,"column":4},"end":{"line":87,"column":null}},"29":{"start":{"line":96,"column":2},"end":{"line":98,"column":null}},"30":{"start":{"line":97,"column":4},"end":{"line":97,"column":18}},"31":{"start":{"line":100,"column":19},"end":{"line":100,"column":32}},"32":{"start":{"line":101,"column":19},"end":{"line":101,"column":32}},"33":{"start":{"line":103,"column":2},"end":{"line":141,"column":null}},"34":{"start":{"line":105,"column":4},"end":{"line":110,"column":null}},"35":{"start":{"line":106,"column":6},"end":{"line":106,"column":30}},"36":{"start":{"line":107,"column":6},"end":{"line":109,"column":null}},"37":{"start":{"line":113,"column":27},"end":{"line":113,"column":78}},"38":{"start":{"line":114,"column":4},"end":{"line":114,"column":null}},"39":{"start":{"line":117,"column":25},"end":{"line":117,"column":55}},"40":{"start":{"line":119,"column":4},"end":{"line":124,"column":null}},"41":{"start":{"line":120,"column":6},"end":{"line":120,"column":30}},"42":{"start":{"line":121,"column":6},"end":{"line":123,"column":null}},"43":{"start":{"line":127,"column":4},"end":{"line":132,"column":null}},"44":{"start":{"line":134,"column":4},"end":{"line":134,"column":null}},"45":{"start":{"line":137,"column":4},"end":{"line":139,"column":null}},"46":{"start":{"line":138,"column":6},"end":{"line":138,"column":30}},"47":{"start":{"line":140,"column":4},"end":{"line":140,"column":null}},"48":{"start":{"line":144,"column":0},"end":{"line":144,"column":null}}},"fnMap":{"0":{"name":"validateFileType","decl":{"start":{"line":25,"column":15},"end":{"line":25,"column":31}},"loc":{"start":{"line":25,"column":60},"end":{"line":53,"column":null}},"line":25},"1":{"name":"scanWithClamAV","decl":{"start":{"line":60,"column":15},"end":{"line":60,"column":29}},"loc":{"start":{"line":60,"column":40},"end":{"line":89,"column":null}},"line":60},"2":{"name":"antivirusMiddleware","decl":{"start":{"line":95,"column":15},"end":{"line":95,"column":34}},"loc":{"start":{"line":95,"column":51},"end":{"line":142,"column":null}},"line":95}},"branchMap":{"0":{"loc":{"start":{"line":29,"column":4},"end":{"line":35,"column":null}},"type":"if","locations":[{"start":{"line":29,"column":4},"end":{"line":35,"column":null}},{"start":{},"end":{}}],"line":29},"1":{"loc":{"start":{"line":31,"column":6},"end":{"line":33,"column":null}},"type":"if","locations":[{"start":{"line":31,"column":6},"end":{"line":33,"column":null}},{"start":{},"end":{}}],"line":31},"2":{"loc":{"start":{"line":38,"column":4},"end":{"line":40,"column":null}},"type":"if","locations":[{"start":{"line":38,"column":4},"end":{"line":40,"column":null}},{"start":{},"end":{}}],"line":38},"3":{"loc":{"start":{"line":43,"column":4},"end":{"line":47,"column":null}},"type":"if","locations":[{"start":{"line":43,"column":4},"end":{"line":47,"column":null}},{"start":{},"end":{}}],"line":43},"4":{"loc":{"start":{"line":61,"column":2},"end":{"line":64,"column":null}},"type":"if","locations":[{"start":{"line":61,"column":2},"end":{"line":64,"column":null}},{"start":{},"end":{}}],"line":61},"5":{"loc":{"start":{"line":69,"column":12},"end":{"line":69,"column":50}},"type":"binary-expr","locations":[{"start":{"line":69,"column":12},"end":{"line":69,"column":35}},{"start":{"line":69,"column":39},"end":{"line":69,"column":50}}],"line":69},"6":{"loc":{"start":{"line":70,"column":21},"end":{"line":70,"column":52}},"type":"binary-expr","locations":[{"start":{"line":70,"column":21},"end":{"line":70,"column":44}},{"start":{"line":70,"column":48},"end":{"line":70,"column":52}}],"line":70},"7":{"loc":{"start":{"line":76,"column":4},"end":{"line":79,"column":null}},"type":"if","locations":[{"start":{"line":76,"column":4},"end":{"line":79,"column":null}},{"start":{},"end":{}}],"line":76},"8":{"loc":{"start":{"line":96,"column":2},"end":{"line":98,"column":null}},"type":"if","locations":[{"start":{"line":96,"column":2},"end":{"line":98,"column":null}},{"start":{},"end":{}}],"line":96},"9":{"loc":{"start":{"line":105,"column":4},"end":{"line":110,"column":null}},"type":"if","locations":[{"start":{"line":105,"column":4},"end":{"line":110,"column":null}},{"start":{},"end":{}}],"line":105},"10":{"loc":{"start":{"line":119,"column":4},"end":{"line":124,"column":null}},"type":"if","locations":[{"start":{"line":119,"column":4},"end":{"line":124,"column":null}},{"start":{},"end":{}}],"line":119},"11":{"loc":{"start":{"line":137,"column":4},"end":{"line":139,"column":null}},"type":"if","locations":[{"start":{"line":137,"column":4},"end":{"line":139,"column":null}},{"start":{},"end":{}}],"line":137}},"s":{"0":12,"1":12,"2":12,"3":12,"4":12,"5":13,"6":13,"7":13,"8":2,"9":1,"10":1,"11":11,"12":2,"13":9,"14":1,"15":9,"16":3,"17":10,"18":6,"19":4,"20":4,"21":4,"22":3,"23":3,"24":2,"25":2,"26":1,"27":1,"28":1,"29":10,"30":2,"31":8,"32":8,"33":8,"34":8,"35":1,"36":1,"37":7,"38":6,"39":6,"40":6,"41":1,"42":1,"43":5,"44":5,"45":1,"46":1,"47":1,"48":12},"f":{"0":13,"1":10,"2":10},"b":{"0":[2,11],"1":[1,1],"2":[2,9],"3":[1,8],"4":[6,4],"5":[4,4],"6":[10,10],"7":[2,1],"8":[2,8],"9":[1,7],"10":[1,5],"11":[1,0]},"meta":{"lastBranch":12,"lastFunction":3,"lastStatement":49,"seen":{"s:1:11:1:24":0,"s:2:13:2:28":1,"s:3:29:3:49":2,"s:6:24:16:1":3,"s:19:22:19:38":4,"f:25:15:25:31":0,"s:26:2:52:Infinity":5,"s:27:25:27:57":6,"b:29:4:35:Infinity:undefined:undefined:undefined:undefined":0,"s:29:4:35:Infinity":7,"b:31:6:33:Infinity:undefined:undefined:undefined:undefined":1,"s:31:6:33:Infinity":8,"s:32:8:32:Infinity":9,"s:34:6:34:Infinity":10,"b:38:4:40:Infinity:undefined:undefined:undefined:undefined":2,"s:38:4:40:Infinity":11,"s:39:6:39:Infinity":12,"b:43:4:47:Infinity:undefined:undefined:undefined:undefined":3,"s:43:4:47:Infinity":13,"s:44:6:46:Infinity":14,"s:49:4:49:Infinity":15,"s:51:4:51:Infinity":16,"f:60:15:60:29":1,"b:61:2:64:Infinity:undefined:undefined:undefined:undefined":4,"s:61:2:64:Infinity":17,"s:63:4:63:Infinity":18,"s:66:2:88:Infinity":19,"s:67:21:67:40":20,"s:68:21:72:6":21,"b:69:12:69:35:69:39:69:50":5,"b:70:21:70:44:70:48:70:52":6,"s:74:36:74:69":22,"b:76:4:79:Infinity:undefined:undefined:undefined:undefined":7,"s:76:4:79:Infinity":23,"s:77:6:77:Infinity":24,"s:78:6:78:Infinity":25,"s:81:4:81:Infinity":26,"s:84:4:86:Infinity":27,"s:87:4:87:Infinity":28,"f:95:15:95:34":2,"b:96:2:98:Infinity:undefined:undefined:undefined:undefined":8,"s:96:2:98:Infinity":29,"s:97:4:97:18":30,"s:100:19:100:32":31,"s:101:19:101:32":32,"s:103:2:141:Infinity":33,"b:105:4:110:Infinity:undefined:undefined:undefined:undefined":9,"s:105:4:110:Infinity":34,"s:106:6:106:30":35,"s:107:6:109:Infinity":36,"s:113:27:113:78":37,"s:114:4:114:Infinity":38,"s:117:25:117:55":39,"b:119:4:124:Infinity:undefined:undefined:undefined:undefined":10,"s:119:4:124:Infinity":40,"s:120:6:120:30":41,"s:121:6:123:Infinity":42,"s:127:4:132:Infinity":43,"s:134:4:134:Infinity":44,"b:137:4:139:Infinity:undefined:undefined:undefined:undefined":11,"s:137:4:139:Infinity":45,"s:138:6:138:30":46,"s:140:4:140:Infinity":47,"s:144:0:144:Infinity":48}}}
,"C:\\Users\\janea\\simdm\\backend\\src\\middleware\\auth.js": {"path":"C:\\Users\\janea\\simdm\\backend\\src\\middleware\\auth.js","statementMap":{"0":{"start":{"line":1,"column":12},"end":{"line":1,"column":35}},"1":{"start":{"line":4,"column":21},"end":{"line":4,"column":46}},"2":{"start":{"line":5,"column":16},"end":{"line":7,"column":10}},"3":{"start":{"line":9,"column":2},"end":{"line":11,"column":null}},"4":{"start":{"line":10,"column":4},"end":{"line":10,"column":null}},"5":{"start":{"line":13,"column":2},"end":{"line":22,"column":null}},"6":{"start":{"line":14,"column":20},"end":{"line":14,"column":95}},"7":{"start":{"line":15,"column":4},"end":{"line":15,"column":null}},"8":{"start":{"line":16,"column":4},"end":{"line":16,"column":null}},"9":{"start":{"line":18,"column":4},"end":{"line":20,"column":null}},"10":{"start":{"line":19,"column":6},"end":{"line":19,"column":null}},"11":{"start":{"line":21,"column":4},"end":{"line":21,"column":null}},"12":{"start":{"line":25,"column":0},"end":{"line":25,"column":null}}},"fnMap":{"0":{"name":"authMiddleware","decl":{"start":{"line":3,"column":9},"end":{"line":3,"column":23}},"loc":{"start":{"line":3,"column":40},"end":{"line":23,"column":null}},"line":3}},"branchMap":{"0":{"loc":{"start":{"line":5,"column":16},"end":{"line":7,"column":10}},"type":"cond-expr","locations":[{"start":{"line":6,"column":6},"end":{"line":6,"column":null}},{"start":{"line":7,"column":6},"end":{"line":7,"column":10}}],"line":5},"1":{"loc":{"start":{"line":5,"column":16},"end":{"line":5,"column":null}},"type":"binary-expr","locations":[{"start":{"line":5,"column":16},"end":{"line":5,"column":26}},{"start":{"line":5,"column":30},"end":{"line":5,"column":null}}],"line":5},"2":{"loc":{"start":{"line":9,"column":2},"end":{"line":11,"column":null}},"type":"if","locations":[{"start":{"line":9,"column":2},"end":{"line":11,"column":null}},{"start":{},"end":{}}],"line":9},"3":{"loc":{"start":{"line":18,"column":4},"end":{"line":20,"column":null}},"type":"if","locations":[{"start":{"line":18,"column":4},"end":{"line":20,"column":null}},{"start":{},"end":{}}],"line":18}},"s":{"0":11,"1":145,"2":145,"3":145,"4":9,"5":136,"6":136,"7":136,"8":136,"9":6,"10":1,"11":5,"12":11},"f":{"0":145},"b":{"0":[136,9],"1":[145,138],"2":[9,136],"3":[1,5]},"meta":{"lastBranch":4,"lastFunction":1,"lastStatement":13,"seen":{"s:1:12:1:35":0,"f:3:9:3:23":0,"s:4:21:4:46":1,"s:5:16:7:10":2,"b:6:6:6:Infinity:7:6:7:10":0,"b:5:16:5:26:5:30:5:Infinity":1,"b:9:2:11:Infinity:undefined:undefined:undefined:undefined":2,"s:9:2:11:Infinity":3,"s:10:4:10:Infinity":4,"s:13:2:22:Infinity":5,"s:14:20:14:95":6,"s:15:4:15:Infinity":7,"s:16:4:16:Infinity":8,"b:18:4:20:Infinity:undefined:undefined:undefined:undefined":3,"s:18:4:20:Infinity":9,"s:19:6:19:Infinity":10,"s:21:4:21:Infinity":11,"s:25:0:25:Infinity":12}}}
,"C:\\Users\\janea\\simdm\\backend\\src\\middleware\\validate.js": {"path":"C:\\Users\\janea\\simdm\\backend\\src\\middleware\\validate.js","statementMap":{"0":{"start":{"line":1,"column":21},"end":{"line":22,"column":1}},"1":{"start":{"line":1,"column":33},"end":{"line":22,"column":1}},"2":{"start":{"line":2,"column":17},"end":{"line":2,"column":43}},"3":{"start":{"line":3,"column":2},"end":{"line":19,"column":null}},"4":{"start":{"line":4,"column":24},"end":{"line":4,"column":58}},"5":{"start":{"line":7,"column":26},"end":{"line":9,"column":5}},"6":{"start":{"line":8,"column":17},"end":{"line":8,"column":null}},"7":{"start":{"line":11,"column":21},"end":{"line":13,"column":25}},"8":{"start":{"line":15,"column":4},"end":{"line":18,"column":null}},"9":{"start":{"line":20,"column":2},"end":{"line":20,"column":null}},"10":{"start":{"line":21,"column":2},"end":{"line":21,"column":null}},"11":{"start":{"line":24,"column":22},"end":{"line":34,"column":1}},"12":{"start":{"line":24,"column":34},"end":{"line":34,"column":1}},"13":{"start":{"line":25,"column":17},"end":{"line":25,"column":44}},"14":{"start":{"line":26,"column":2},"end":{"line":31,"column":null}},"15":{"start":{"line":27,"column":4},"end":{"line":30,"column":null}},"16":{"start":{"line":32,"column":2},"end":{"line":32,"column":null}},"17":{"start":{"line":33,"column":2},"end":{"line":33,"column":null}},"18":{"start":{"line":36,"column":0},"end":{"line":36,"column":null}}},"fnMap":{"0":{"name":"(anonymous_0)","decl":{"start":{"line":1,"column":21},"end":{"line":1,"column":22}},"loc":{"start":{"line":1,"column":33},"end":{"line":22,"column":1}},"line":1},"1":{"name":"(anonymous_1)","decl":{"start":{"line":1,"column":33},"end":{"line":1,"column":34}},"loc":{"start":{"line":1,"column":53},"end":{"line":22,"column":1}},"line":1},"2":{"name":"(anonymous_2)","decl":{"start":{"line":8,"column":6},"end":{"line":8,"column":7}},"loc":{"start":{"line":8,"column":17},"end":{"line":8,"column":null}},"line":8},"3":{"name":"(anonymous_3)","decl":{"start":{"line":24,"column":22},"end":{"line":24,"column":23}},"loc":{"start":{"line":24,"column":34},"end":{"line":34,"column":1}},"line":24},"4":{"name":"(anonymous_4)","decl":{"start":{"line":24,"column":34},"end":{"line":24,"column":35}},"loc":{"start":{"line":24,"column":54},"end":{"line":34,"column":1}},"line":24}},"branchMap":{"0":{"loc":{"start":{"line":3,"column":2},"end":{"line":19,"column":null}},"type":"if","locations":[{"start":{"line":3,"column":2},"end":{"line":19,"column":null}},{"start":{},"end":{}}],"line":3},"1":{"loc":{"start":{"line":11,"column":21},"end":{"line":13,"column":25}},"type":"cond-expr","locations":[{"start":{"line":12,"column":8},"end":{"line":12,"column":null}},{"start":{"line":13,"column":8},"end":{"line":13,"column":25}}],"line":11},"2":{"loc":{"start":{"line":26,"column":2},"end":{"line":31,"column":null}},"type":"if","locations":[{"start":{"line":26,"column":2},"end":{"line":31,"column":null}},{"start":{},"end":{}}],"line":26}},"s":{"0":10,"1":10,"2":47,"3":47,"4":8,"5":8,"6":9,"7":8,"8":8,"9":39,"10":39,"11":10,"12":0,"13":0,"14":0,"15":0,"16":0,"17":0,"18":10},"f":{"0":10,"1":47,"2":9,"3":0,"4":0},"b":{"0":[8,39],"1":[3,5],"2":[0,0]},"meta":{"lastBranch":3,"lastFunction":5,"lastStatement":19,"seen":{"s:1:21:22:1":0,"f:1:21:1:22":0,"s:1:33:22:1":1,"f:1:33:1:34":1,"s:2:17:2:43":2,"b:3:2:19:Infinity:undefined:undefined:undefined:undefined":0,"s:3:2:19:Infinity":3,"s:4:24:4:58":4,"s:7:26:9:5":5,"f:8:6:8:7":2,"s:8:17:8:Infinity":6,"s:11:21:13:25":7,"b:12:8:12:Infinity:13:8:13:25":1,"s:15:4:18:Infinity":8,"s:20:2:20:Infinity":9,"s:21:2:21:Infinity":10,"s:24:22:34:1":11,"f:24:22:24:23":3,"s:24:34:34:1":12,"f:24:34:24:35":4,"s:25:17:25:44":13,"b:26:2:31:Infinity:undefined:undefined:undefined:undefined":2,"s:26:2:31:Infinity":14,"s:27:4:30:Infinity":15,"s:32:2:32:Infinity":16,"s:33:2:33:Infinity":17,"s:36:0:36:Infinity":18}}}
,"C:\\Users\\janea\\simdm\\backend\\src\\routes\\annualInventory.js": {"path":"C:\\Users\\janea\\simdm\\backend\\src\\routes\\annualInventory.js","statementMap":{"0":{"start":{"line":1,"column":16},"end":{"line":1,"column":34}},"1":{"start":{"line":2,"column":15},"end":{"line":2,"column":32}},"2":{"start":{"line":3,"column":13},"end":{"line":3,"column":28}},"3":{"start":{"line":4,"column":20},"end":{"line":4,"column":37}},"4":{"start":{"line":5,"column":15},"end":{"line":5,"column":31}},"5":{"start":{"line":6,"column":23},"end":{"line":6,"column":52}},"6":{"start":{"line":8,"column":15},"end":{"line":8,"column":31}},"7":{"start":{"line":11,"column":15},"end":{"line":24,"column":2}},"8":{"start":{"line":14,"column":25},"end":{"line":17,"column":5}},"9":{"start":{"line":18,"column":4},"end":{"line":22,"column":null}},"10":{"start":{"line":19,"column":6},"end":{"line":19,"column":null}},"11":{"start":{"line":21,"column":6},"end":{"line":21,"column":null}},"12":{"start":{"line":27,"column":0},"end":{"line":27,"column":null}},"13":{"start":{"line":38,"column":2},"end":{"line":50,"column":null}},"14":{"start":{"line":39,"column":4},"end":{"line":47,"column":null}},"15":{"start":{"line":49,"column":4},"end":{"line":49,"column":null}},"16":{"start":{"line":54,"column":0},"end":{"line":69,"column":null}},"17":{"start":{"line":55,"column":2},"end":{"line":68,"column":null}},"18":{"start":{"line":56,"column":24},"end":{"line":56,"column":48}},"19":{"start":{"line":57,"column":18},"end":{"line":57,"column":20}},"20":{"start":{"line":60,"column":4},"end":{"line":62,"column":null}},"21":{"start":{"line":60,"column":17},"end":{"line":60,"column":28}},"22":{"start":{"line":61,"column":6},"end":{"line":61,"column":null}},"23":{"start":{"line":64,"column":4},"end":{"line":64,"column":null}},"24":{"start":{"line":66,"column":4},"end":{"line":66,"column":null}},"25":{"start":{"line":67,"column":4},"end":{"line":67,"column":null}},"26":{"start":{"line":72,"column":0},"end":{"line":133,"column":null}},"27":{"start":{"line":73,"column":2},"end":{"line":132,"column":null}},"28":{"start":{"line":74,"column":21},"end":{"line":74,"column":31}},"29":{"start":{"line":75,"column":20},"end":{"line":75,"column":34}},"30":{"start":{"line":77,"column":4},"end":{"line":79,"column":null}},"31":{"start":{"line":78,"column":6},"end":{"line":78,"column":null}},"32":{"start":{"line":82,"column":21},"end":{"line":85,"column":6}},"33":{"start":{"line":88,"column":23},"end":{"line":126,"column":5}},"34":{"start":{"line":90,"column":26},"end":{"line":93,"column":10}},"35":{"start":{"line":95,"column":8},"end":{"line":110,"column":null}},"36":{"start":{"line":97,"column":31},"end":{"line":99,"column":12}},"37":{"start":{"line":101,"column":10},"end":{"line":109,"column":null}},"38":{"start":{"line":112,"column":27},"end":{"line":112,"column":76}},"39":{"start":{"line":112,"column":58},"end":{"line":112,"column":68}},"40":{"start":{"line":113,"column":27},"end":{"line":113,"column":49}},"41":{"start":{"line":114,"column":27},"end":{"line":114,"column":91}},"42":{"start":{"line":116,"column":8},"end":{"line":124,"column":null}},"43":{"start":{"line":128,"column":4},"end":{"line":128,"column":null}},"44":{"start":{"line":130,"column":4},"end":{"line":130,"column":null}},"45":{"start":{"line":131,"column":4},"end":{"line":131,"column":null}},"46":{"start":{"line":136,"column":0},"end":{"line":217,"column":null}},"47":{"start":{"line":137,"column":2},"end":{"line":216,"column":null}},"48":{"start":{"line":138,"column":32},"end":{"line":138,"column":42}},"49":{"start":{"line":139,"column":22},"end":{"line":139,"column":30}},"50":{"start":{"line":141,"column":20},"end":{"line":141,"column":34}},"51":{"start":{"line":142,"column":25},"end":{"line":142,"column":44}},"52":{"start":{"line":144,"column":4},"end":{"line":146,"column":null}},"53":{"start":{"line":145,"column":6},"end":{"line":145,"column":null}},"54":{"start":{"line":149,"column":20},"end":{"line":152,"column":6}},"55":{"start":{"line":154,"column":4},"end":{"line":175,"column":null}},"56":{"start":{"line":156,"column":22},"end":{"line":158,"column":8}},"57":{"start":{"line":160,"column":6},"end":{"line":174,"column":null}},"58":{"start":{"line":167,"column":43},"end":{"line":170,"column":13}},"59":{"start":{"line":178,"column":4},"end":{"line":191,"column":null}},"60":{"start":{"line":179,"column":6},"end":{"line":190,"column":null}},"61":{"start":{"line":180,"column":8},"end":{"line":189,"column":null}},"62":{"start":{"line":194,"column":29},"end":{"line":197,"column":6}},"63":{"start":{"line":199,"column":21},"end":{"line":199,"column":69}},"64":{"start":{"line":199,"column":58},"end":{"line":199,"column":68}},"65":{"start":{"line":200,"column":4},"end":{"line":205,"column":null}},"66":{"start":{"line":201,"column":6},"end":{"line":204,"column":null}},"67":{"start":{"line":207,"column":4},"end":{"line":210,"column":null}},"68":{"start":{"line":212,"column":4},"end":{"line":212,"column":null}},"69":{"start":{"line":214,"column":4},"end":{"line":214,"column":null}},"70":{"start":{"line":215,"column":4},"end":{"line":215,"column":null}},"71":{"start":{"line":223,"column":0},"end":{"line":252,"column":null}},"72":{"start":{"line":224,"column":2},"end":{"line":251,"column":null}},"73":{"start":{"line":225,"column":21},"end":{"line":225,"column":31}},"74":{"start":{"line":226,"column":20},"end":{"line":226,"column":34}},"75":{"start":{"line":228,"column":4},"end":{"line":230,"column":null}},"76":{"start":{"line":229,"column":6},"end":{"line":229,"column":null}},"77":{"start":{"line":233,"column":26},"end":{"line":245,"column":6}},"78":{"start":{"line":247,"column":4},"end":{"line":247,"column":null}},"79":{"start":{"line":249,"column":4},"end":{"line":249,"column":null}},"80":{"start":{"line":250,"column":4},"end":{"line":250,"column":null}},"81":{"start":{"line":258,"column":0},"end":{"line":287,"column":null}},"82":{"start":{"line":259,"column":2},"end":{"line":286,"column":null}},"83":{"start":{"line":260,"column":19},"end":{"line":260,"column":29}},"84":{"start":{"line":261,"column":19},"end":{"line":261,"column":31}},"85":{"start":{"line":263,"column":4},"end":{"line":265,"column":null}},"86":{"start":{"line":264,"column":6},"end":{"line":264,"column":null}},"87":{"start":{"line":267,"column":20},"end":{"line":276,"column":6}},"88":{"start":{"line":278,"column":4},"end":{"line":280,"column":null}},"89":{"start":{"line":282,"column":4},"end":{"line":282,"column":null}},"90":{"start":{"line":284,"column":4},"end":{"line":284,"column":null}},"91":{"start":{"line":285,"column":4},"end":{"line":285,"column":null}},"92":{"start":{"line":290,"column":0},"end":{"line":374,"column":null}},"93":{"start":{"line":291,"column":2},"end":{"line":373,"column":null}},"94":{"start":{"line":292,"column":21},"end":{"line":292,"column":31}},"95":{"start":{"line":293,"column":20},"end":{"line":293,"column":34}},"96":{"start":{"line":295,"column":4},"end":{"line":297,"column":null}},"97":{"start":{"line":296,"column":6},"end":{"line":296,"column":null}},"98":{"start":{"line":300,"column":26},"end":{"line":310,"column":6}},"99":{"start":{"line":313,"column":16},"end":{"line":313,"column":47}},"100":{"start":{"line":314,"column":4},"end":{"line":314,"column":null}},"101":{"start":{"line":315,"column":4},"end":{"line":315,"column":null}},"102":{"start":{"line":317,"column":4},"end":{"line":317,"column":null}},"103":{"start":{"line":320,"column":4},"end":{"line":320,"column":null}},"104":{"start":{"line":321,"column":4},"end":{"line":321,"column":null}},"105":{"start":{"line":322,"column":4},"end":{"line":322,"column":null}},"106":{"start":{"line":323,"column":4},"end":{"line":326,"column":null}},"107":{"start":{"line":327,"column":4},"end":{"line":327,"column":null}},"108":{"start":{"line":330,"column":4},"end":{"line":330,"column":null}},"109":{"start":{"line":331,"column":4},"end":{"line":331,"column":null}},"110":{"start":{"line":332,"column":4},"end":{"line":332,"column":null}},"111":{"start":{"line":333,"column":4},"end":{"line":333,"column":null}},"112":{"start":{"line":336,"column":4},"end":{"line":336,"column":null}},"113":{"start":{"line":337,"column":4},"end":{"line":337,"column":null}},"114":{"start":{"line":339,"column":4},"end":{"line":355,"column":null}},"115":{"start":{"line":340,"column":6},"end":{"line":340,"column":null}},"116":{"start":{"line":342,"column":6},"end":{"line":354,"column":null}},"117":{"start":{"line":343,"column":8},"end":{"line":346,"column":null}},"118":{"start":{"line":347,"column":8},"end":{"line":347,"column":null}},"119":{"start":{"line":348,"column":8},"end":{"line":348,"column":null}},"120":{"start":{"line":349,"column":8},"end":{"line":352,"column":null}},"121":{"start":{"line":353,"column":8},"end":{"line":353,"column":null}},"122":{"start":{"line":358,"column":4},"end":{"line":358,"column":null}},"123":{"start":{"line":359,"column":4},"end":{"line":359,"column":null}},"124":{"start":{"line":360,"column":4},"end":{"line":363,"column":null}},"125":{"start":{"line":364,"column":4},"end":{"line":367,"column":null}},"126":{"start":{"line":369,"column":4},"end":{"line":369,"column":null}},"127":{"start":{"line":371,"column":4},"end":{"line":371,"column":null}},"128":{"start":{"line":372,"column":4},"end":{"line":372,"column":null}},"129":{"start":{"line":377,"column":0},"end":{"line":465,"column":null}},"130":{"start":{"line":378,"column":2},"end":{"line":464,"column":null}},"131":{"start":{"line":379,"column":4},"end":{"line":381,"column":null}},"132":{"start":{"line":380,"column":6},"end":{"line":380,"column":null}},"133":{"start":{"line":384,"column":21},"end":{"line":384,"column":67}},"134":{"start":{"line":385,"column":22},"end":{"line":385,"column":44}},"135":{"start":{"line":386,"column":4},"end":{"line":388,"column":null}},"136":{"start":{"line":387,"column":6},"end":{"line":387,"column":null}},"137":{"start":{"line":390,"column":22},"end":{"line":390,"column":48}},"138":{"start":{"line":391,"column":17},"end":{"line":391,"column":52}},"139":{"start":{"line":393,"column":4},"end":{"line":395,"column":null}},"140":{"start":{"line":394,"column":6},"end":{"line":394,"column":null}},"141":{"start":{"line":398,"column":23},"end":{"line":398,"column":24}},"142":{"start":{"line":399,"column":23},"end":{"line":399,"column":24}},"143":{"start":{"line":401,"column":4},"end":{"line":448,"column":null}},"144":{"start":{"line":402,"column":22},"end":{"line":402,"column":58}},"145":{"start":{"line":403,"column":19},"end":{"line":403,"column":53}},"146":{"start":{"line":404,"column":31},"end":{"line":404,"column":81}},"147":{"start":{"line":405,"column":30},"end":{"line":405,"column":90}},"148":{"start":{"line":407,"column":6},"end":{"line":410,"column":null}},"149":{"start":{"line":409,"column":8},"end":{"line":409,"column":null}},"150":{"start":{"line":413,"column":23},"end":{"line":415,"column":8}},"151":{"start":{"line":417,"column":6},"end":{"line":447,"column":null}},"152":{"start":{"line":418,"column":8},"end":{"line":424,"column":null}},"153":{"start":{"line":425,"column":8},"end":{"line":425,"column":null}},"154":{"start":{"line":428,"column":31},"end":{"line":430,"column":10}},"155":{"start":{"line":432,"column":32},"end":{"line":432,"column":94}},"156":{"start":{"line":434,"column":8},"end":{"line":445,"column":null}},"157":{"start":{"line":446,"column":8},"end":{"line":446,"column":null}},"158":{"start":{"line":450,"column":4},"end":{"line":454,"column":null}},"159":{"start":{"line":456,"column":4},"end":{"line":460,"column":null}},"160":{"start":{"line":462,"column":4},"end":{"line":462,"column":null}},"161":{"start":{"line":463,"column":4},"end":{"line":463,"column":null}},"162":{"start":{"line":467,"column":0},"end":{"line":467,"column":null}}},"fnMap":{"0":{"name":"(anonymous_0)","decl":{"start":{"line":13,"column":14},"end":{"line":13,"column":15}},"loc":{"start":{"line":13,"column":33},"end":{"line":23,"column":3}},"line":13},"1":{"name":"logAudit","decl":{"start":{"line":37,"column":15},"end":{"line":37,"column":23}},"loc":{"start":{"line":37,"column":74},"end":{"line":51,"column":null}},"line":37},"2":{"name":"(anonymous_2)","decl":{"start":{"line":54,"column":21},"end":{"line":54,"column":26}},"loc":{"start":{"line":54,"column":41},"end":{"line":69,"column":1}},"line":54},"3":{"name":"(anonymous_3)","decl":{"start":{"line":72,"column":28},"end":{"line":72,"column":33}},"loc":{"start":{"line":72,"column":48},"end":{"line":133,"column":1}},"line":72},"4":{"name":"(anonymous_4)","decl":{"start":{"line":89,"column":19},"end":{"line":89,"column":24}},"loc":{"start":{"line":89,"column":38},"end":{"line":125,"column":7}},"line":89},"5":{"name":"(anonymous_5)","decl":{"start":{"line":112,"column":50},"end":{"line":112,"column":54}},"loc":{"start":{"line":112,"column":58},"end":{"line":112,"column":68}},"line":112},"6":{"name":"(anonymous_6)","decl":{"start":{"line":136,"column":41},"end":{"line":136,"column":46}},"loc":{"start":{"line":136,"column":61},"end":{"line":217,"column":1}},"line":136},"7":{"name":"(anonymous_7)","decl":{"start":{"line":167,"column":32},"end":{"line":167,"column":38}},"loc":{"start":{"line":167,"column":43},"end":{"line":170,"column":13}},"line":167},"8":{"name":"(anonymous_8)","decl":{"start":{"line":199,"column":50},"end":{"line":199,"column":54}},"loc":{"start":{"line":199,"column":58},"end":{"line":199,"column":68}},"line":199},"9":{"name":"(anonymous_9)","decl":{"start":{"line":223,"column":35},"end":{"line":223,"column":40}},"loc":{"start":{"line":223,"column":55},"end":{"line":252,"column":1}},"line":223},"10":{"name":"(anonymous_10)","decl":{"start":{"line":258,"column":47},"end":{"line":258,"column":52}},"loc":{"start":{"line":258,"column":67},"end":{"line":287,"column":1}},"line":258},"11":{"name":"(anonymous_11)","decl":{"start":{"line":290,"column":32},"end":{"line":290,"column":37}},"loc":{"start":{"line":290,"column":52},"end":{"line":374,"column":1}},"line":290},"12":{"name":"(anonymous_12)","decl":{"start":{"line":342,"column":28},"end":{"line":342,"column":29}},"loc":{"start":{"line":342,"column":43},"end":{"line":354,"column":7}},"line":342},"13":{"name":"(anonymous_13)","decl":{"start":{"line":377,"column":59},"end":{"line":377,"column":64}},"loc":{"start":{"line":377,"column":79},"end":{"line":465,"column":1}},"line":377}},"branchMap":{"0":{"loc":{"start":{"line":18,"column":4},"end":{"line":22,"column":null}},"type":"if","locations":[{"start":{"line":18,"column":4},"end":{"line":22,"column":null}},{"start":{"line":20,"column":11},"end":{"line":22,"column":null}}],"line":18},"1":{"loc":{"start":{"line":37,"column":58},"end":{"line":37,"column":72}},"type":"default-arg","locations":[{"start":{"line":37,"column":68},"end":{"line":37,"column":72}}],"line":37},"2":{"loc":{"start":{"line":77,"column":4},"end":{"line":79,"column":null}},"type":"if","locations":[{"start":{"line":77,"column":4},"end":{"line":79,"column":null}},{"start":{},"end":{}}],"line":77},"3":{"loc":{"start":{"line":77,"column":8},"end":{"line":77,"column":52}},"type":"binary-expr","locations":[{"start":{"line":77,"column":8},"end":{"line":77,"column":16}},{"start":{"line":77,"column":20},"end":{"line":77,"column":34}},{"start":{"line":77,"column":38},"end":{"line":77,"column":52}}],"line":77},"4":{"loc":{"start":{"line":95,"column":8},"end":{"line":110,"column":null}},"type":"if","locations":[{"start":{"line":95,"column":8},"end":{"line":110,"column":null}},{"start":{},"end":{}}],"line":95},"5":{"loc":{"start":{"line":114,"column":27},"end":{"line":114,"column":91}},"type":"cond-expr","locations":[{"start":{"line":114,"column":44},"end":{"line":114,"column":87}},{"start":{"line":114,"column":90},"end":{"line":114,"column":91}}],"line":114},"6":{"loc":{"start":{"line":144,"column":4},"end":{"line":146,"column":null}},"type":"if","locations":[{"start":{"line":144,"column":4},"end":{"line":146,"column":null}},{"start":{},"end":{}}],"line":144},"7":{"loc":{"start":{"line":144,"column":8},"end":{"line":144,"column":33}},"type":"binary-expr","locations":[{"start":{"line":144,"column":8},"end":{"line":144,"column":16}},{"start":{"line":144,"column":20},"end":{"line":144,"column":33}}],"line":144},"8":{"loc":{"start":{"line":154,"column":4},"end":{"line":175,"column":null}},"type":"if","locations":[{"start":{"line":154,"column":4},"end":{"line":175,"column":null}},{"start":{},"end":{}}],"line":154},"9":{"loc":{"start":{"line":178,"column":4},"end":{"line":191,"column":null}},"type":"if","locations":[{"start":{"line":178,"column":4},"end":{"line":191,"column":null}},{"start":{},"end":{}}],"line":178},"10":{"loc":{"start":{"line":178,"column":8},"end":{"line":178,"column":37}},"type":"binary-expr","locations":[{"start":{"line":178,"column":8},"end":{"line":178,"column":13}},{"start":{"line":178,"column":17},"end":{"line":178,"column":37}}],"line":178},"11":{"loc":{"start":{"line":187,"column":27},"end":{"line":187,"column":59}},"type":"binary-expr","locations":[{"start":{"line":187,"column":27},"end":{"line":187,"column":51}},{"start":{"line":187,"column":55},"end":{"line":187,"column":59}}],"line":187},"12":{"loc":{"start":{"line":200,"column":4},"end":{"line":205,"column":null}},"type":"if","locations":[{"start":{"line":200,"column":4},"end":{"line":205,"column":null}},{"start":{},"end":{}}],"line":200},"13":{"loc":{"start":{"line":200,"column":8},"end":{"line":200,"column":59}},"type":"binary-expr","locations":[{"start":{"line":200,"column":8},"end":{"line":200,"column":16}},{"start":{"line":200,"column":20},"end":{"line":200,"column":59}}],"line":200},"14":{"loc":{"start":{"line":228,"column":4},"end":{"line":230,"column":null}},"type":"if","locations":[{"start":{"line":228,"column":4},"end":{"line":230,"column":null}},{"start":{},"end":{}}],"line":228},"15":{"loc":{"start":{"line":263,"column":4},"end":{"line":265,"column":null}},"type":"if","locations":[{"start":{"line":263,"column":4},"end":{"line":265,"column":null}},{"start":{},"end":{}}],"line":263},"16":{"loc":{"start":{"line":295,"column":4},"end":{"line":297,"column":null}},"type":"if","locations":[{"start":{"line":295,"column":4},"end":{"line":297,"column":null}},{"start":{},"end":{}}],"line":295},"17":{"loc":{"start":{"line":295,"column":8},"end":{"line":295,"column":52}},"type":"binary-expr","locations":[{"start":{"line":295,"column":8},"end":{"line":295,"column":16}},{"start":{"line":295,"column":20},"end":{"line":295,"column":34}},{"start":{"line":295,"column":38},"end":{"line":295,"column":52}}],"line":295},"18":{"loc":{"start":{"line":339,"column":4},"end":{"line":355,"column":null}},"type":"if","locations":[{"start":{"line":339,"column":4},"end":{"line":355,"column":null}},{"start":{"line":341,"column":11},"end":{"line":355,"column":null}}],"line":339},"19":{"loc":{"start":{"line":348,"column":31},"end":{"line":348,"column":69}},"type":"binary-expr","locations":[{"start":{"line":348,"column":31},"end":{"line":348,"column":60}},{"start":{"line":348,"column":64},"end":{"line":348,"column":69}}],"line":348},"20":{"loc":{"start":{"line":349,"column":42},"end":{"line":349,"column":73}},"type":"binary-expr","locations":[{"start":{"line":349,"column":42},"end":{"line":349,"column":60}},{"start":{"line":349,"column":64},"end":{"line":349,"column":73}}],"line":349},"21":{"loc":{"start":{"line":379,"column":4},"end":{"line":381,"column":null}},"type":"if","locations":[{"start":{"line":379,"column":4},"end":{"line":381,"column":null}},{"start":{},"end":{}}],"line":379},"22":{"loc":{"start":{"line":386,"column":4},"end":{"line":388,"column":null}},"type":"if","locations":[{"start":{"line":386,"column":4},"end":{"line":388,"column":null}},{"start":{},"end":{}}],"line":386},"23":{"loc":{"start":{"line":393,"column":4},"end":{"line":395,"column":null}},"type":"if","locations":[{"start":{"line":393,"column":4},"end":{"line":395,"column":null}},{"start":{},"end":{}}],"line":393},"24":{"loc":{"start":{"line":402,"column":22},"end":{"line":402,"column":58}},"type":"binary-expr","locations":[{"start":{"line":402,"column":22},"end":{"line":402,"column":32}},{"start":{"line":402,"column":36},"end":{"line":402,"column":58}}],"line":402},"25":{"loc":{"start":{"line":403,"column":19},"end":{"line":403,"column":53}},"type":"binary-expr","locations":[{"start":{"line":403,"column":19},"end":{"line":403,"column":34}},{"start":{"line":403,"column":38},"end":{"line":403,"column":53}}],"line":403},"26":{"loc":{"start":{"line":404,"column":31},"end":{"line":404,"column":81}},"type":"cond-expr","locations":[{"start":{"line":404,"column":48},"end":{"line":404,"column":74}},{"start":{"line":404,"column":77},"end":{"line":404,"column":81}}],"line":404},"27":{"loc":{"start":{"line":405,"column":30},"end":{"line":405,"column":90}},"type":"cond-expr","locations":[{"start":{"line":405,"column":53},"end":{"line":405,"column":83}},{"start":{"line":405,"column":86},"end":{"line":405,"column":90}}],"line":405},"28":{"loc":{"start":{"line":407,"column":6},"end":{"line":410,"column":null}},"type":"if","locations":[{"start":{"line":407,"column":6},"end":{"line":410,"column":null}},{"start":{},"end":{}}],"line":407},"29":{"loc":{"start":{"line":407,"column":10},"end":{"line":407,"column":27}},"type":"binary-expr","locations":[{"start":{"line":407,"column":10},"end":{"line":407,"column":15}},{"start":{"line":407,"column":19},"end":{"line":407,"column":27}}],"line":407},"30":{"loc":{"start":{"line":417,"column":6},"end":{"line":447,"column":null}},"type":"if","locations":[{"start":{"line":417,"column":6},"end":{"line":447,"column":null}},{"start":{"line":426,"column":13},"end":{"line":447,"column":null}}],"line":417},"31":{"loc":{"start":{"line":442,"column":23},"end":{"line":442,"column":49}},"type":"binary-expr","locations":[{"start":{"line":442,"column":23},"end":{"line":442,"column":41}},{"start":{"line":442,"column":45},"end":{"line":442,"column":49}}],"line":442}},"s":{"0":10,"1":10,"2":10,"3":10,"4":10,"5":10,"6":10,"7":10,"8":5,"9":5,"10":4,"11":1,"12":10,"13":6,"14":6,"15":1,"16":10,"17":1,"18":1,"19":1,"20":1,"21":1,"22":6,"23":1,"24":0,"25":0,"26":10,"27":4,"28":4,"29":4,"30":4,"31":1,"32":3,"33":2,"34":21,"35":21,"36":20,"37":20,"38":1,"39":1,"40":1,"41":1,"42":21,"43":2,"44":1,"45":1,"46":10,"47":4,"48":4,"49":4,"50":4,"51":4,"52":4,"53":1,"54":3,"55":3,"56":2,"57":2,"58":2,"59":3,"60":3,"61":3,"62":3,"63":3,"64":3,"65":3,"66":2,"67":3,"68":3,"69":0,"70":0,"71":10,"72":3,"73":3,"74":3,"75":3,"76":1,"77":2,"78":1,"79":1,"80":1,"81":10,"82":2,"83":2,"84":2,"85":2,"86":1,"87":1,"88":1,"89":1,"90":0,"91":0,"92":10,"93":2,"94":2,"95":2,"96":2,"97":0,"98":2,"99":2,"100":2,"101":2,"102":2,"103":2,"104":2,"105":2,"106":2,"107":2,"108":2,"109":2,"110":2,"111":2,"112":2,"113":2,"114":2,"115":1,"116":1,"117":1,"118":1,"119":1,"120":1,"121":1,"122":2,"123":2,"124":2,"125":2,"126":2,"127":0,"128":0,"129":10,"130":5,"131":5,"132":1,"133":4,"134":4,"135":4,"136":0,"137":4,"138":4,"139":4,"140":1,"141":3,"142":3,"143":3,"144":4,"145":4,"146":4,"147":4,"148":4,"149":1,"150":3,"151":1,"152":1,"153":1,"154":1,"155":1,"156":1,"157":1,"158":2,"159":2,"160":1,"161":1,"162":10},"f":{"0":5,"1":6,"2":1,"3":4,"4":21,"5":1,"6":4,"7":2,"8":3,"9":3,"10":2,"11":2,"12":1,"13":5},"b":{"0":[4,1],"1":[6],"2":[1,3],"3":[4,4,3],"4":[20,1],"5":[1,21],"6":[1,3],"7":[4,3],"8":[2,1],"9":[3,0],"10":[3,3],"11":[3,3],"12":[2,1],"13":[3,3],"14":[1,2],"15":[1,1],"16":[0,2],"17":[2,2,2],"18":[1,1],"19":[1,1],"20":[1,1],"21":[1,4],"22":[0,4],"23":[1,3],"24":[1,0],"25":[4,0],"26":[3,4],"27":[0,4],"28":[1,3],"29":[4,1],"30":[1,1],"31":[1,1]},"meta":{"lastBranch":32,"lastFunction":14,"lastStatement":163,"seen":{"s:1:16:1:34":0,"s:2:15:2:32":1,"s:3:13:3:28":2,"s:4:20:4:37":3,"s:5:15:5:31":4,"s:6:23:6:52":5,"s:8:15:8:31":6,"s:11:15:24:2":7,"f:13:14:13:15":0,"s:14:25:17:5":8,"b:18:4:22:Infinity:20:11:22:Infinity":0,"s:18:4:22:Infinity":9,"s:19:6:19:Infinity":10,"s:21:6:21:Infinity":11,"s:27:0:27:Infinity":12,"f:37:15:37:23":1,"b:37:68:37:72":1,"s:38:2:50:Infinity":13,"s:39:4:47:Infinity":14,"s:49:4:49:Infinity":15,"s:54:0:69:Infinity":16,"f:54:21:54:26":2,"s:55:2:68:Infinity":17,"s:56:24:56:48":18,"s:57:18:57:20":19,"s:60:4:62:Infinity":20,"s:60:17:60:28":21,"s:61:6:61:Infinity":22,"s:64:4:64:Infinity":23,"s:66:4:66:Infinity":24,"s:67:4:67:Infinity":25,"s:72:0:133:Infinity":26,"f:72:28:72:33":3,"s:73:2:132:Infinity":27,"s:74:21:74:31":28,"s:75:20:75:34":29,"b:77:4:79:Infinity:undefined:undefined:undefined:undefined":2,"s:77:4:79:Infinity":30,"b:77:8:77:16:77:20:77:34:77:38:77:52":3,"s:78:6:78:Infinity":31,"s:82:21:85:6":32,"s:88:23:126:5":33,"f:89:19:89:24":4,"s:90:26:93:10":34,"b:95:8:110:Infinity:undefined:undefined:undefined:undefined":4,"s:95:8:110:Infinity":35,"s:97:31:99:12":36,"s:101:10:109:Infinity":37,"s:112:27:112:76":38,"f:112:50:112:54":5,"s:112:58:112:68":39,"s:113:27:113:49":40,"s:114:27:114:91":41,"b:114:44:114:87:114:90:114:91":5,"s:116:8:124:Infinity":42,"s:128:4:128:Infinity":43,"s:130:4:130:Infinity":44,"s:131:4:131:Infinity":45,"s:136:0:217:Infinity":46,"f:136:41:136:46":6,"s:137:2:216:Infinity":47,"s:138:32:138:42":48,"s:139:22:139:30":49,"s:141:20:141:34":50,"s:142:25:142:44":51,"b:144:4:146:Infinity:undefined:undefined:undefined:undefined":6,"s:144:4:146:Infinity":52,"b:144:8:144:16:144:20:144:33":7,"s:145:6:145:Infinity":53,"s:149:20:152:6":54,"b:154:4:175:Infinity:undefined:undefined:undefined:undefined":8,"s:154:4:175:Infinity":55,"s:156:22:158:8":56,"s:160:6:174:Infinity":57,"f:167:32:167:38":7,"s:167:43:170:13":58,"b:178:4:191:Infinity:undefined:undefined:undefined:undefined":9,"s:178:4:191:Infinity":59,"b:178:8:178:13:178:17:178:37":10,"s:179:6:190:Infinity":60,"s:180:8:189:Infinity":61,"b:187:27:187:51:187:55:187:59":11,"s:194:29:197:6":62,"s:199:21:199:69":63,"f:199:50:199:54":8,"s:199:58:199:68":64,"b:200:4:205:Infinity:undefined:undefined:undefined:undefined":12,"s:200:4:205:Infinity":65,"b:200:8:200:16:200:20:200:59":13,"s:201:6:204:Infinity":66,"s:207:4:210:Infinity":67,"s:212:4:212:Infinity":68,"s:214:4:214:Infinity":69,"s:215:4:215:Infinity":70,"s:223:0:252:Infinity":71,"f:223:35:223:40":9,"s:224:2:251:Infinity":72,"s:225:21:225:31":73,"s:226:20:226:34":74,"b:228:4:230:Infinity:undefined:undefined:undefined:undefined":14,"s:228:4:230:Infinity":75,"s:229:6:229:Infinity":76,"s:233:26:245:6":77,"s:247:4:247:Infinity":78,"s:249:4:249:Infinity":79,"s:250:4:250:Infinity":80,"s:258:0:287:Infinity":81,"f:258:47:258:52":10,"s:259:2:286:Infinity":82,"s:260:19:260:29":83,"s:261:19:261:31":84,"b:263:4:265:Infinity:undefined:undefined:undefined:undefined":15,"s:263:4:265:Infinity":85,"s:264:6:264:Infinity":86,"s:267:20:276:6":87,"s:278:4:280:Infinity":88,"s:282:4:282:Infinity":89,"s:284:4:284:Infinity":90,"s:285:4:285:Infinity":91,"s:290:0:374:Infinity":92,"f:290:32:290:37":11,"s:291:2:373:Infinity":93,"s:292:21:292:31":94,"s:293:20:293:34":95,"b:295:4:297:Infinity:undefined:undefined:undefined:undefined":16,"s:295:4:297:Infinity":96,"b:295:8:295:16:295:20:295:34:295:38:295:52":17,"s:296:6:296:Infinity":97,"s:300:26:310:6":98,"s:313:16:313:47":99,"s:314:4:314:Infinity":100,"s:315:4:315:Infinity":101,"s:317:4:317:Infinity":102,"s:320:4:320:Infinity":103,"s:321:4:321:Infinity":104,"s:322:4:322:Infinity":105,"s:323:4:326:Infinity":106,"s:327:4:327:Infinity":107,"s:330:4:330:Infinity":108,"s:331:4:331:Infinity":109,"s:332:4:332:Infinity":110,"s:333:4:333:Infinity":111,"s:336:4:336:Infinity":112,"s:337:4:337:Infinity":113,"b:339:4:355:Infinity:341:11:355:Infinity":18,"s:339:4:355:Infinity":114,"s:340:6:340:Infinity":115,"s:342:6:354:Infinity":116,"f:342:28:342:29":12,"s:343:8:346:Infinity":117,"s:347:8:347:Infinity":118,"s:348:8:348:Infinity":119,"b:348:31:348:60:348:64:348:69":19,"s:349:8:352:Infinity":120,"b:349:42:349:60:349:64:349:73":20,"s:353:8:353:Infinity":121,"s:358:4:358:Infinity":122,"s:359:4:359:Infinity":123,"s:360:4:363:Infinity":124,"s:364:4:367:Infinity":125,"s:369:4:369:Infinity":126,"s:371:4:371:Infinity":127,"s:372:4:372:Infinity":128,"s:377:0:465:Infinity":129,"f:377:59:377:64":13,"s:378:2:464:Infinity":130,"b:379:4:381:Infinity:undefined:undefined:undefined:undefined":21,"s:379:4:381:Infinity":131,"s:380:6:380:Infinity":132,"s:384:21:384:67":133,"s:385:22:385:44":134,"b:386:4:388:Infinity:undefined:undefined:undefined:undefined":22,"s:386:4:388:Infinity":135,"s:387:6:387:Infinity":136,"s:390:22:390:48":137,"s:391:17:391:52":138,"b:393:4:395:Infinity:undefined:undefined:undefined:undefined":23,"s:393:4:395:Infinity":139,"s:394:6:394:Infinity":140,"s:398:23:398:24":141,"s:399:23:399:24":142,"s:401:4:448:Infinity":143,"s:402:22:402:58":144,"b:402:22:402:32:402:36:402:58":24,"s:403:19:403:53":145,"b:403:19:403:34:403:38:403:53":25,"s:404:31:404:81":146,"b:404:48:404:74:404:77:404:81":26,"s:405:30:405:90":147,"b:405:53:405:83:405:86:405:90":27,"b:407:6:410:Infinity:undefined:undefined:undefined:undefined":28,"s:407:6:410:Infinity":148,"b:407:10:407:15:407:19:407:27":29,"s:409:8:409:Infinity":149,"s:413:23:415:8":150,"b:417:6:447:Infinity:426:13:447:Infinity":30,"s:417:6:447:Infinity":151,"s:418:8:424:Infinity":152,"s:425:8:425:Infinity":153,"s:428:31:430:10":154,"s:432:32:432:94":155,"s:434:8:445:Infinity":156,"b:442:23:442:41:442:45:442:49":31,"s:446:8:446:Infinity":157,"s:450:4:454:Infinity":158,"s:456:4:460:Infinity":159,"s:462:4:462:Infinity":160,"s:463:4:463:Infinity":161,"s:467:0:467:Infinity":162}}}
,"C:\\Users\\janea\\simdm\\backend\\src\\routes\\auth.js": {"path":"C:\\Users\\janea\\simdm\\backend\\src\\routes\\auth.js","statementMap":{"0":{"start":{"line":1,"column":16},"end":{"line":1,"column":null}},"1":{"start":{"line":2,"column":18},"end":{"line":2,"column":null}},"2":{"start":{"line":3,"column":20},"end":{"line":3,"column":null}},"3":{"start":{"line":4,"column":23},"end":{"line":4,"column":null}},"4":{"start":{"line":5,"column":25},"end":{"line":5,"column":null}},"5":{"start":{"line":6,"column":24},"end":{"line":6,"column":null}},"6":{"start":{"line":7,"column":15},"end":{"line":7,"column":null}},"7":{"start":{"line":9,"column":15},"end":{"line":9,"column":null}},"8":{"start":{"line":12,"column":21},"end":{"line":21,"column":null}},"9":{"start":{"line":19,"column":4},"end":{"line":19,"column":null}},"10":{"start":{"line":24,"column":29},"end":{"line":30,"column":null}},"11":{"start":{"line":33,"column":0},"end":{"line":51,"column":null}},"12":{"start":{"line":34,"column":2},"end":{"line":50,"column":null}},"13":{"start":{"line":35,"column":35},"end":{"line":35,"column":null}},"14":{"start":{"line":37,"column":19},"end":{"line":37,"column":null}},"15":{"start":{"line":40,"column":4},"end":{"line":40,"column":null}},"16":{"start":{"line":43,"column":4},"end":{"line":46,"column":null}},"17":{"start":{"line":48,"column":4},"end":{"line":48,"column":null}},"18":{"start":{"line":49,"column":4},"end":{"line":49,"column":null}},"19":{"start":{"line":54,"column":0},"end":{"line":75,"column":null}},"20":{"start":{"line":55,"column":2},"end":{"line":74,"column":null}},"21":{"start":{"line":56,"column":25},"end":{"line":56,"column":null}},"22":{"start":{"line":58,"column":4},"end":{"line":60,"column":null}},"23":{"start":{"line":59,"column":6},"end":{"line":59,"column":null}},"24":{"start":{"line":62,"column":19},"end":{"line":62,"column":null}},"25":{"start":{"line":65,"column":4},"end":{"line":65,"column":null}},"26":{"start":{"line":67,"column":4},"end":{"line":69,"column":null}},"27":{"start":{"line":71,"column":4},"end":{"line":71,"column":null}},"28":{"start":{"line":72,"column":4},"end":{"line":72,"column":null}},"29":{"start":{"line":73,"column":4},"end":{"line":73,"column":null}},"30":{"start":{"line":78,"column":0},"end":{"line":89,"column":null}},"31":{"start":{"line":79,"column":2},"end":{"line":88,"column":null}},"32":{"start":{"line":80,"column":25},"end":{"line":80,"column":null}},"33":{"start":{"line":81,"column":4},"end":{"line":81,"column":null}},"34":{"start":{"line":83,"column":4},"end":{"line":83,"column":null}},"35":{"start":{"line":84,"column":4},"end":{"line":84,"column":null}},"36":{"start":{"line":86,"column":4},"end":{"line":86,"column":null}},"37":{"start":{"line":87,"column":4},"end":{"line":87,"column":null}},"38":{"start":{"line":92,"column":0},"end":{"line":115,"column":null}},"39":{"start":{"line":93,"column":2},"end":{"line":114,"column":null}},"40":{"start":{"line":94,"column":17},"end":{"line":104,"column":null}},"41":{"start":{"line":106,"column":4},"end":{"line":108,"column":null}},"42":{"start":{"line":107,"column":6},"end":{"line":107,"column":null}},"43":{"start":{"line":110,"column":4},"end":{"line":110,"column":null}},"44":{"start":{"line":112,"column":4},"end":{"line":112,"column":null}},"45":{"start":{"line":113,"column":4},"end":{"line":113,"column":null}},"46":{"start":{"line":117,"column":0},"end":{"line":117,"column":null}}},"fnMap":{"0":{"name":"(anonymous_0)","decl":{"start":{"line":17,"column":2},"end":{"line":17,"column":9}},"loc":{"start":{"line":17,"column":17},"end":{"line":20,"column":null}},"line":17},"1":{"name":"(anonymous_1)","decl":{"start":{"line":33,"column":63},"end":{"line":33,"column":70}},"loc":{"start":{"line":33,"column":83},"end":{"line":51,"column":1}},"line":33},"2":{"name":"(anonymous_2)","decl":{"start":{"line":54,"column":24},"end":{"line":54,"column":31}},"loc":{"start":{"line":54,"column":44},"end":{"line":75,"column":1}},"line":54},"3":{"name":"(anonymous_3)","decl":{"start":{"line":78,"column":39},"end":{"line":78,"column":46}},"loc":{"start":{"line":78,"column":59},"end":{"line":89,"column":1}},"line":78},"4":{"name":"(anonymous_4)","decl":{"start":{"line":92,"column":34},"end":{"line":92,"column":41}},"loc":{"start":{"line":92,"column":54},"end":{"line":115,"column":1}},"line":92}},"branchMap":{"0":{"loc":{"start":{"line":13,"column":21},"end":{"line":13,"column":63}},"type":"binary-expr","locations":[{"start":{"line":13,"column":21},"end":{"line":13,"column":57}},{"start":{"line":13,"column":57},"end":{"line":13,"column":63}}],"line":13},"1":{"loc":{"start":{"line":14,"column":16},"end":{"line":14,"column":56}},"type":"binary-expr","locations":[{"start":{"line":14,"column":16},"end":{"line":14,"column":55}},{"start":{"line":14,"column":55},"end":{"line":14,"column":56}}],"line":14},"2":{"loc":{"start":{"line":19,"column":4},"end":{"line":19,"column":null}},"type":"binary-expr","locations":[{"start":{"line":19,"column":4},"end":{"line":19,"column":53}},{"start":{"line":19,"column":53},"end":{"line":19,"column":null}}],"line":19},"3":{"loc":{"start":{"line":58,"column":4},"end":{"line":60,"column":null}},"type":"if","locations":[{"start":{"line":58,"column":4},"end":{"line":60,"column":null}},{"start":{},"end":{}}],"line":58},"4":{"loc":{"start":{"line":106,"column":4},"end":{"line":108,"column":null}},"type":"if","locations":[{"start":{"line":106,"column":4},"end":{"line":108,"column":null}},{"start":{},"end":{}}],"line":106}},"s":{"0":10,"1":10,"2":10,"3":10,"4":10,"5":10,"6":10,"7":10,"8":10,"9":48,"10":10,"11":10,"12":10,"13":39,"14":39,"15":26,"16":26,"17":26,"18":13,"19":13,"20":10,"21":10,"22":7,"23":7,"24":1,"25":6,"26":3,"27":3,"28":3,"29":3,"30":3,"31":3,"32":10,"33":10,"34":4,"35":4,"36":3,"37":3,"38":1,"39":1,"40":10,"41":4,"42":4,"43":4,"44":4,"45":1,"46":1},"f":{"0":10,"1":10,"2":13,"3":3,"4":1},"b":{"0":[10,0],"1":[10,10],"2":[48,48],"3":[7,0],"4":[4,0]},"meta":{"lastBranch":5,"lastFunction":5,"lastStatement":47,"seen":{"s:1:16:1:Infinity":0,"s:2:18:2:Infinity":1,"s:3:20:3:Infinity":2,"s:4:23:4:Infinity":3,"s:5:25:5:Infinity":4,"s:6:24:6:Infinity":5,"s:7:15:7:Infinity":6,"s:9:15:9:Infinity":7,"s:12:21:21:Infinity":8,"b:13:21:13:57:13:57:13:63":0,"b:14:16:14:55:14:55:14:56":1,"f:17:2:17:9":0,"s:19:4:19:Infinity":9,"b:19:4:19:53:19:53:19:Infinity":2,"s:24:29:30:Infinity":10,"s:33:0:51:Infinity":11,"f:33:63:33:70":1,"s:34:2:50:Infinity":12,"s:35:35:35:Infinity":13,"s:37:19:37:Infinity":14,"s:40:4:40:Infinity":15,"s:43:4:46:Infinity":16,"s:48:4:48:Infinity":17,"s:49:4:49:Infinity":18,"s:54:0:75:Infinity":19,"f:54:24:54:31":2,"s:55:2:74:Infinity":20,"s:56:25:56:Infinity":21,"b:58:4:60:Infinity:undefined:undefined:undefined:undefined":3,"s:58:4:60:Infinity":22,"s:59:6:59:Infinity":23,"s:62:19:62:Infinity":24,"s:65:4:65:Infinity":25,"s:67:4:69:Infinity":26,"s:71:4:71:Infinity":27,"s:72:4:72:Infinity":28,"s:73:4:73:Infinity":29,"s:78:0:89:Infinity":30,"f:78:39:78:46":3,"s:79:2:88:Infinity":31,"s:80:25:80:Infinity":32,"s:81:4:81:Infinity":33,"s:83:4:83:Infinity":34,"s:84:4:84:Infinity":35,"s:86:4:86:Infinity":36,"s:87:4:87:Infinity":37,"s:92:0:115:Infinity":38,"f:92:34:92:41":4,"s:93:2:114:Infinity":39,"s:94:17:104:Infinity":40,"b:106:4:108:Infinity:undefined:undefined:undefined:undefined":4,"s:106:4:108:Infinity":41,"s:107:6:107:Infinity":42,"s:110:4:110:Infinity":43,"s:112:4:112:Infinity":44,"s:113:4:113:Infinity":45,"s:117:0:117:Infinity":46}}}
,"C:\\Users\\janea\\simdm\\backend\\src\\routes\\consumables.js": {"path":"C:\\Users\\janea\\simdm\\backend\\src\\routes\\consumables.js","statementMap":{"0":{"start":{"line":1,"column":16},"end":{"line":1,"column":34}},"1":{"start":{"line":2,"column":15},"end":{"line":2,"column":31}},"2":{"start":{"line":3,"column":23},"end":{"line":3,"column":52}},"3":{"start":{"line":5,"column":15},"end":{"line":5,"column":31}},"4":{"start":{"line":8,"column":0},"end":{"line":8,"column":null}},"5":{"start":{"line":12,"column":2},"end":{"line":24,"column":null}},"6":{"start":{"line":13,"column":4},"end":{"line":21,"column":null}},"7":{"start":{"line":23,"column":4},"end":{"line":23,"column":null}},"8":{"start":{"line":28,"column":0},"end":{"line":74,"column":null}},"9":{"start":{"line":29,"column":2},"end":{"line":73,"column":null}},"10":{"start":{"line":30,"column":58},"end":{"line":30,"column":67}},"11":{"start":{"line":31,"column":20},"end":{"line":31,"column":52}},"12":{"start":{"line":32,"column":21},"end":{"line":32,"column":70}},"13":{"start":{"line":33,"column":17},"end":{"line":33,"column":41}},"14":{"start":{"line":35,"column":18},"end":{"line":37,"column":5}},"15":{"start":{"line":39,"column":4},"end":{"line":45,"column":null}},"16":{"start":{"line":40,"column":6},"end":{"line":44,"column":null}},"17":{"start":{"line":47,"column":4},"end":{"line":49,"column":null}},"18":{"start":{"line":48,"column":6},"end":{"line":48,"column":null}},"19":{"start":{"line":51,"column":33},"end":{"line":59,"column":6}},"20":{"start":{"line":61,"column":4},"end":{"line":69,"column":null}},"21":{"start":{"line":71,"column":4},"end":{"line":71,"column":null}},"22":{"start":{"line":72,"column":4},"end":{"line":72,"column":null}},"23":{"start":{"line":77,"column":0},"end":{"line":89,"column":null}},"24":{"start":{"line":78,"column":2},"end":{"line":88,"column":null}},"25":{"start":{"line":79,"column":24},"end":{"line":83,"column":6}},"26":{"start":{"line":84,"column":4},"end":{"line":84,"column":null}},"27":{"start":{"line":86,"column":4},"end":{"line":86,"column":null}},"28":{"start":{"line":87,"column":4},"end":{"line":87,"column":null}},"29":{"start":{"line":92,"column":0},"end":{"line":132,"column":null}},"30":{"start":{"line":93,"column":2},"end":{"line":131,"column":null}},"31":{"start":{"line":94,"column":109},"end":{"line":94,"column":117}},"32":{"start":{"line":97,"column":4},"end":{"line":99,"column":null}},"33":{"start":{"line":98,"column":6},"end":{"line":98,"column":null}},"34":{"start":{"line":101,"column":14},"end":{"line":101,"column":37}},"35":{"start":{"line":102,"column":17},"end":{"line":102,"column":43}},"36":{"start":{"line":103,"column":4},"end":{"line":105,"column":null}},"37":{"start":{"line":104,"column":6},"end":{"line":104,"column":null}},"38":{"start":{"line":107,"column":23},"end":{"line":120,"column":6}},"39":{"start":{"line":122,"column":4},"end":{"line":125,"column":null}},"40":{"start":{"line":127,"column":4},"end":{"line":127,"column":null}},"41":{"start":{"line":129,"column":4},"end":{"line":129,"column":null}},"42":{"start":{"line":130,"column":4},"end":{"line":130,"column":null}},"43":{"start":{"line":135,"column":0},"end":{"line":186,"column":null}},"44":{"start":{"line":136,"column":2},"end":{"line":185,"column":null}},"45":{"start":{"line":137,"column":19},"end":{"line":137,"column":29}},"46":{"start":{"line":138,"column":109},"end":{"line":138,"column":117}},"47":{"start":{"line":140,"column":25},"end":{"line":140,"column":37}},"48":{"start":{"line":141,"column":4},"end":{"line":143,"column":null}},"49":{"start":{"line":142,"column":6},"end":{"line":142,"column":null}},"50":{"start":{"line":145,"column":21},"end":{"line":145,"column":89}},"51":{"start":{"line":146,"column":4},"end":{"line":148,"column":null}},"52":{"start":{"line":147,"column":6},"end":{"line":147,"column":null}},"53":{"start":{"line":151,"column":4},"end":{"line":153,"column":null}},"54":{"start":{"line":152,"column":6},"end":{"line":152,"column":null}},"55":{"start":{"line":155,"column":14},"end":{"line":155,"column":77}},"56":{"start":{"line":156,"column":17},"end":{"line":156,"column":89}},"57":{"start":{"line":157,"column":4},"end":{"line":159,"column":null}},"58":{"start":{"line":158,"column":6},"end":{"line":158,"column":null}},"59":{"start":{"line":161,"column":20},"end":{"line":174,"column":6}},"60":{"start":{"line":176,"column":4},"end":{"line":179,"column":null}},"61":{"start":{"line":181,"column":4},"end":{"line":181,"column":null}},"62":{"start":{"line":183,"column":4},"end":{"line":183,"column":null}},"63":{"start":{"line":184,"column":4},"end":{"line":184,"column":null}},"64":{"start":{"line":189,"column":0},"end":{"line":216,"column":null}},"65":{"start":{"line":190,"column":2},"end":{"line":215,"column":null}},"66":{"start":{"line":191,"column":19},"end":{"line":191,"column":29}},"67":{"start":{"line":192,"column":25},"end":{"line":192,"column":37}},"68":{"start":{"line":193,"column":4},"end":{"line":195,"column":null}},"69":{"start":{"line":194,"column":6},"end":{"line":194,"column":null}},"70":{"start":{"line":197,"column":21},"end":{"line":197,"column":89}},"71":{"start":{"line":198,"column":4},"end":{"line":200,"column":null}},"72":{"start":{"line":199,"column":6},"end":{"line":199,"column":null}},"73":{"start":{"line":202,"column":20},"end":{"line":205,"column":6}},"74":{"start":{"line":207,"column":4},"end":{"line":209,"column":null}},"75":{"start":{"line":211,"column":4},"end":{"line":211,"column":null}},"76":{"start":{"line":213,"column":4},"end":{"line":213,"column":null}},"77":{"start":{"line":214,"column":4},"end":{"line":214,"column":null}},"78":{"start":{"line":218,"column":0},"end":{"line":218,"column":null}}},"fnMap":{"0":{"name":"logAudit","decl":{"start":{"line":11,"column":15},"end":{"line":11,"column":23}},"loc":{"start":{"line":11,"column":74},"end":{"line":25,"column":null}},"line":11},"1":{"name":"(anonymous_1)","decl":{"start":{"line":28,"column":16},"end":{"line":28,"column":21}},"loc":{"start":{"line":28,"column":36},"end":{"line":74,"column":1}},"line":28},"2":{"name":"(anonymous_2)","decl":{"start":{"line":77,"column":24},"end":{"line":77,"column":29}},"loc":{"start":{"line":77,"column":44},"end":{"line":89,"column":1}},"line":77},"3":{"name":"(anonymous_3)","decl":{"start":{"line":92,"column":17},"end":{"line":92,"column":22}},"loc":{"start":{"line":92,"column":37},"end":{"line":132,"column":1}},"line":92},"4":{"name":"(anonymous_4)","decl":{"start":{"line":135,"column":19},"end":{"line":135,"column":24}},"loc":{"start":{"line":135,"column":39},"end":{"line":186,"column":1}},"line":135},"5":{"name":"(anonymous_5)","decl":{"start":{"line":189,"column":22},"end":{"line":189,"column":27}},"loc":{"start":{"line":189,"column":42},"end":{"line":216,"column":1}},"line":189}},"branchMap":{"0":{"loc":{"start":{"line":11,"column":58},"end":{"line":11,"column":72}},"type":"default-arg","locations":[{"start":{"line":11,"column":68},"end":{"line":11,"column":72}}],"line":11},"1":{"loc":{"start":{"line":30,"column":12},"end":{"line":30,"column":20}},"type":"default-arg","locations":[{"start":{"line":30,"column":19},"end":{"line":30,"column":20}}],"line":30},"2":{"loc":{"start":{"line":30,"column":22},"end":{"line":30,"column":32}},"type":"default-arg","locations":[{"start":{"line":30,"column":30},"end":{"line":30,"column":32}}],"line":30},"3":{"loc":{"start":{"line":31,"column":32},"end":{"line":31,"column":51}},"type":"binary-expr","locations":[{"start":{"line":31,"column":32},"end":{"line":31,"column":46}},{"start":{"line":31,"column":50},"end":{"line":31,"column":51}}],"line":31},"4":{"loc":{"start":{"line":32,"column":47},"end":{"line":32,"column":68}},"type":"binary-expr","locations":[{"start":{"line":32,"column":47},"end":{"line":32,"column":62}},{"start":{"line":32,"column":66},"end":{"line":32,"column":68}}],"line":32},"5":{"loc":{"start":{"line":39,"column":4},"end":{"line":45,"column":null}},"type":"if","locations":[{"start":{"line":39,"column":4},"end":{"line":45,"column":null}},{"start":{},"end":{}}],"line":39},"6":{"loc":{"start":{"line":47,"column":4},"end":{"line":49,"column":null}},"type":"if","locations":[{"start":{"line":47,"column":4},"end":{"line":49,"column":null}},{"start":{},"end":{}}],"line":47},"7":{"loc":{"start":{"line":97,"column":4},"end":{"line":99,"column":null}},"type":"if","locations":[{"start":{"line":97,"column":4},"end":{"line":99,"column":null}},{"start":{},"end":{}}],"line":97},"8":{"loc":{"start":{"line":97,"column":8},"end":{"line":97,"column":35}},"type":"binary-expr","locations":[{"start":{"line":97,"column":8},"end":{"line":97,"column":13}},{"start":{"line":97,"column":17},"end":{"line":97,"column":35}}],"line":97},"9":{"loc":{"start":{"line":101,"column":14},"end":{"line":101,"column":37}},"type":"binary-expr","locations":[{"start":{"line":101,"column":14},"end":{"line":101,"column":32}},{"start":{"line":101,"column":36},"end":{"line":101,"column":37}}],"line":101},"10":{"loc":{"start":{"line":102,"column":17},"end":{"line":102,"column":43}},"type":"binary-expr","locations":[{"start":{"line":102,"column":17},"end":{"line":102,"column":38}},{"start":{"line":102,"column":42},"end":{"line":102,"column":43}}],"line":102},"11":{"loc":{"start":{"line":103,"column":4},"end":{"line":105,"column":null}},"type":"if","locations":[{"start":{"line":103,"column":4},"end":{"line":105,"column":null}},{"start":{},"end":{}}],"line":103},"12":{"loc":{"start":{"line":103,"column":8},"end":{"line":103,"column":25}},"type":"binary-expr","locations":[{"start":{"line":103,"column":8},"end":{"line":103,"column":13}},{"start":{"line":103,"column":17},"end":{"line":103,"column":25}}],"line":103},"13":{"loc":{"start":{"line":110,"column":15},"end":{"line":110,"column":36}},"type":"binary-expr","locations":[{"start":{"line":110,"column":15},"end":{"line":110,"column":28}},{"start":{"line":110,"column":32},"end":{"line":110,"column":36}}],"line":110},"14":{"loc":{"start":{"line":111,"column":22},"end":{"line":111,"column":50}},"type":"binary-expr","locations":[{"start":{"line":111,"column":22},"end":{"line":111,"column":42}},{"start":{"line":111,"column":46},"end":{"line":111,"column":50}}],"line":111},"15":{"loc":{"start":{"line":112,"column":23},"end":{"line":112,"column":53}},"type":"binary-expr","locations":[{"start":{"line":112,"column":23},"end":{"line":112,"column":44}},{"start":{"line":112,"column":48},"end":{"line":112,"column":53}}],"line":112},"16":{"loc":{"start":{"line":115,"column":20},"end":{"line":115,"column":60}},"type":"cond-expr","locations":[{"start":{"line":115,"column":33},"end":{"line":115,"column":53}},{"start":{"line":115,"column":56},"end":{"line":115,"column":60}}],"line":115},"17":{"loc":{"start":{"line":116,"column":18},"end":{"line":116,"column":42}},"type":"binary-expr","locations":[{"start":{"line":116,"column":18},"end":{"line":116,"column":34}},{"start":{"line":116,"column":38},"end":{"line":116,"column":42}}],"line":116},"18":{"loc":{"start":{"line":117,"column":15},"end":{"line":117,"column":36}},"type":"binary-expr","locations":[{"start":{"line":117,"column":15},"end":{"line":117,"column":28}},{"start":{"line":117,"column":32},"end":{"line":117,"column":36}}],"line":117},"19":{"loc":{"start":{"line":141,"column":4},"end":{"line":143,"column":null}},"type":"if","locations":[{"start":{"line":141,"column":4},"end":{"line":143,"column":null}},{"start":{},"end":{}}],"line":141},"20":{"loc":{"start":{"line":146,"column":4},"end":{"line":148,"column":null}},"type":"if","locations":[{"start":{"line":146,"column":4},"end":{"line":148,"column":null}},{"start":{},"end":{}}],"line":146},"21":{"loc":{"start":{"line":146,"column":8},"end":{"line":146,"column":39}},"type":"binary-expr","locations":[{"start":{"line":146,"column":8},"end":{"line":146,"column":17}},{"start":{"line":146,"column":21},"end":{"line":146,"column":39}}],"line":146},"22":{"loc":{"start":{"line":151,"column":4},"end":{"line":153,"column":null}},"type":"if","locations":[{"start":{"line":151,"column":4},"end":{"line":153,"column":null}},{"start":{},"end":{}}],"line":151},"23":{"loc":{"start":{"line":151,"column":8},"end":{"line":151,"column":59}},"type":"binary-expr","locations":[{"start":{"line":151,"column":8},"end":{"line":151,"column":26}},{"start":{"line":151,"column":31},"end":{"line":151,"column":36}},{"start":{"line":151,"column":40},"end":{"line":151,"column":58}}],"line":151},"24":{"loc":{"start":{"line":155,"column":14},"end":{"line":155,"column":77}},"type":"cond-expr","locations":[{"start":{"line":155,"column":39},"end":{"line":155,"column":57}},{"start":{"line":155,"column":60},"end":{"line":155,"column":77}}],"line":155},"25":{"loc":{"start":{"line":156,"column":17},"end":{"line":156,"column":89}},"type":"cond-expr","locations":[{"start":{"line":156,"column":45},"end":{"line":156,"column":66}},{"start":{"line":156,"column":69},"end":{"line":156,"column":89}}],"line":156},"26":{"loc":{"start":{"line":157,"column":4},"end":{"line":159,"column":null}},"type":"if","locations":[{"start":{"line":157,"column":4},"end":{"line":159,"column":null}},{"start":{},"end":{}}],"line":157},"27":{"loc":{"start":{"line":157,"column":8},"end":{"line":157,"column":25}},"type":"binary-expr","locations":[{"start":{"line":157,"column":8},"end":{"line":157,"column":13}},{"start":{"line":157,"column":17},"end":{"line":157,"column":25}}],"line":157},"28":{"loc":{"start":{"line":164,"column":12},"end":{"line":164,"column":55}},"type":"binary-expr","locations":[{"start":{"line":164,"column":12},"end":{"line":164,"column":30}},{"start":{"line":164,"column":34},"end":{"line":164,"column":55}}],"line":164},"29":{"loc":{"start":{"line":165,"column":12},"end":{"line":165,"column":67}},"type":"binary-expr","locations":[{"start":{"line":165,"column":12},"end":{"line":165,"column":31}},{"start":{"line":165,"column":35},"end":{"line":165,"column":67}}],"line":165},"30":{"loc":{"start":{"line":165,"column":44},"end":{"line":165,"column":65}},"type":"binary-expr","locations":[{"start":{"line":165,"column":44},"end":{"line":165,"column":57}},{"start":{"line":165,"column":61},"end":{"line":165,"column":65}}],"line":165},"31":{"loc":{"start":{"line":166,"column":12},"end":{"line":166,"column":88}},"type":"binary-expr","locations":[{"start":{"line":166,"column":12},"end":{"line":166,"column":38}},{"start":{"line":166,"column":42},"end":{"line":166,"column":88}}],"line":166},"32":{"loc":{"start":{"line":166,"column":58},"end":{"line":166,"column":86}},"type":"binary-expr","locations":[{"start":{"line":166,"column":58},"end":{"line":166,"column":78}},{"start":{"line":166,"column":82},"end":{"line":166,"column":86}}],"line":166},"33":{"loc":{"start":{"line":167,"column":12},"end":{"line":167,"column":92}},"type":"binary-expr","locations":[{"start":{"line":167,"column":12},"end":{"line":167,"column":39}},{"start":{"line":167,"column":43},"end":{"line":167,"column":92}}],"line":167},"34":{"loc":{"start":{"line":167,"column":60},"end":{"line":167,"column":90}},"type":"binary-expr","locations":[{"start":{"line":167,"column":60},"end":{"line":167,"column":81}},{"start":{"line":167,"column":85},"end":{"line":167,"column":90}}],"line":167},"35":{"loc":{"start":{"line":168,"column":12},"end":{"line":168,"column":53}},"type":"binary-expr","locations":[{"start":{"line":168,"column":12},"end":{"line":168,"column":34}},{"start":{"line":168,"column":38},"end":{"line":168,"column":53}}],"line":168},"36":{"loc":{"start":{"line":169,"column":12},"end":{"line":169,"column":62}},"type":"binary-expr","locations":[{"start":{"line":169,"column":12},"end":{"line":169,"column":37}},{"start":{"line":169,"column":41},"end":{"line":169,"column":62}}],"line":169},"37":{"loc":{"start":{"line":170,"column":12},"end":{"line":170,"column":96}},"type":"binary-expr","locations":[{"start":{"line":170,"column":12},"end":{"line":170,"column":36}},{"start":{"line":170,"column":40},"end":{"line":170,"column":96}}],"line":170},"38":{"loc":{"start":{"line":170,"column":54},"end":{"line":170,"column":94}},"type":"cond-expr","locations":[{"start":{"line":170,"column":67},"end":{"line":170,"column":87}},{"start":{"line":170,"column":90},"end":{"line":170,"column":94}}],"line":170},"39":{"loc":{"start":{"line":171,"column":12},"end":{"line":171,"column":76}},"type":"binary-expr","locations":[{"start":{"line":171,"column":12},"end":{"line":171,"column":34}},{"start":{"line":171,"column":38},"end":{"line":171,"column":76}}],"line":171},"40":{"loc":{"start":{"line":171,"column":50},"end":{"line":171,"column":74}},"type":"binary-expr","locations":[{"start":{"line":171,"column":50},"end":{"line":171,"column":66}},{"start":{"line":171,"column":70},"end":{"line":171,"column":74}}],"line":171},"41":{"loc":{"start":{"line":172,"column":12},"end":{"line":172,"column":67}},"type":"binary-expr","locations":[{"start":{"line":172,"column":12},"end":{"line":172,"column":31}},{"start":{"line":172,"column":35},"end":{"line":172,"column":67}}],"line":172},"42":{"loc":{"start":{"line":172,"column":44},"end":{"line":172,"column":65}},"type":"binary-expr","locations":[{"start":{"line":172,"column":44},"end":{"line":172,"column":57}},{"start":{"line":172,"column":61},"end":{"line":172,"column":65}}],"line":172},"43":{"loc":{"start":{"line":193,"column":4},"end":{"line":195,"column":null}},"type":"if","locations":[{"start":{"line":193,"column":4},"end":{"line":195,"column":null}},{"start":{},"end":{}}],"line":193},"44":{"loc":{"start":{"line":198,"column":4},"end":{"line":200,"column":null}},"type":"if","locations":[{"start":{"line":198,"column":4},"end":{"line":200,"column":null}},{"start":{},"end":{}}],"line":198}},"s":{"0":10,"1":10,"2":10,"3":10,"4":10,"5":14,"6":14,"7":1,"8":10,"9":8,"10":8,"11":8,"12":8,"13":8,"14":8,"15":8,"16":1,"17":8,"18":1,"19":8,"20":7,"21":1,"22":1,"23":10,"24":2,"25":2,"26":1,"27":1,"28":1,"29":10,"30":15,"31":15,"32":15,"33":1,"34":14,"35":15,"36":15,"37":1,"38":13,"39":12,"40":12,"41":1,"42":1,"43":10,"44":6,"45":6,"46":6,"47":6,"48":6,"49":1,"50":5,"51":5,"52":1,"53":4,"54":1,"55":3,"56":6,"57":6,"58":1,"59":2,"60":1,"61":1,"62":1,"63":1,"64":10,"65":4,"66":4,"67":4,"68":4,"69":1,"70":3,"71":3,"72":1,"73":2,"74":1,"75":1,"76":1,"77":1,"78":10},"f":{"0":14,"1":8,"2":2,"3":15,"4":6,"5":4},"b":{"0":[14],"1":[8],"2":[8],"3":[8,1],"4":[8,0],"5":[1,7],"6":[1,7],"7":[1,14],"8":[15,15],"9":[14,15],"10":[15,15],"11":[1,14],"12":[15,13],"13":[13,13],"14":[15,13],"15":[15,12],"16":[0,13],"17":[15,13],"18":[15,13],"19":[1,5],"20":[1,4],"21":[5,4],"22":[1,3],"23":[4,1,1],"24":[1,2],"25":[2,1],"26":[1,5],"27":[2,2],"28":[2,0],"29":[6,0],"30":[0,6],"31":[6,0],"32":[0,6],"33":[6,0],"34":[0,6],"35":[6,0],"36":[6,2],"37":[6,0],"38":[0,6],"39":[6,0],"40":[0,6],"41":[6,0],"42":[0,6],"43":[1,3],"44":[1,2]},"meta":{"lastBranch":45,"lastFunction":6,"lastStatement":79,"seen":{"s:1:16:1:34":0,"s:2:15:2:31":1,"s:3:23:3:52":2,"s:5:15:5:31":3,"s:8:0:8:Infinity":4,"f:11:15:11:23":0,"b:11:68:11:72":0,"s:12:2:24:Infinity":5,"s:13:4:21:Infinity":6,"s:23:4:23:Infinity":7,"s:28:0:74:Infinity":8,"f:28:16:28:21":1,"s:29:2:73:Infinity":9,"s:30:58:30:67":10,"b:30:19:30:20":1,"b:30:30:30:32":2,"s:31:20:31:52":11,"b:31:32:31:46:31:50:31:51":3,"s:32:21:32:70":12,"b:32:47:32:62:32:66:32:68":4,"s:33:17:33:41":13,"s:35:18:37:5":14,"b:39:4:45:Infinity:undefined:undefined:undefined:undefined":5,"s:39:4:45:Infinity":15,"s:40:6:44:Infinity":16,"b:47:4:49:Infinity:undefined:undefined:undefined:undefined":6,"s:47:4:49:Infinity":17,"s:48:6:48:Infinity":18,"s:51:33:59:6":19,"s:61:4:69:Infinity":20,"s:71:4:71:Infinity":21,"s:72:4:72:Infinity":22,"s:77:0:89:Infinity":23,"f:77:24:77:29":2,"s:78:2:88:Infinity":24,"s:79:24:83:6":25,"s:84:4:84:Infinity":26,"s:86:4:86:Infinity":27,"s:87:4:87:Infinity":28,"s:92:0:132:Infinity":29,"f:92:17:92:22":3,"s:93:2:131:Infinity":30,"s:94:109:94:117":31,"b:97:4:99:Infinity:undefined:undefined:undefined:undefined":7,"s:97:4:99:Infinity":32,"b:97:8:97:13:97:17:97:35":8,"s:98:6:98:Infinity":33,"s:101:14:101:37":34,"b:101:14:101:32:101:36:101:37":9,"s:102:17:102:43":35,"b:102:17:102:38:102:42:102:43":10,"b:103:4:105:Infinity:undefined:undefined:undefined:undefined":11,"s:103:4:105:Infinity":36,"b:103:8:103:13:103:17:103:25":12,"s:104:6:104:Infinity":37,"s:107:23:120:6":38,"b:110:15:110:28:110:32:110:36":13,"b:111:22:111:42:111:46:111:50":14,"b:112:23:112:44:112:48:112:53":15,"b:115:33:115:53:115:56:115:60":16,"b:116:18:116:34:116:38:116:42":17,"b:117:15:117:28:117:32:117:36":18,"s:122:4:125:Infinity":39,"s:127:4:127:Infinity":40,"s:129:4:129:Infinity":41,"s:130:4:130:Infinity":42,"s:135:0:186:Infinity":43,"f:135:19:135:24":4,"s:136:2:185:Infinity":44,"s:137:19:137:29":45,"s:138:109:138:117":46,"s:140:25:140:37":47,"b:141:4:143:Infinity:undefined:undefined:undefined:undefined":19,"s:141:4:143:Infinity":48,"s:142:6:142:Infinity":49,"s:145:21:145:89":50,"b:146:4:148:Infinity:undefined:undefined:undefined:undefined":20,"s:146:4:148:Infinity":51,"b:146:8:146:17:146:21:146:39":21,"s:147:6:147:Infinity":52,"b:151:4:153:Infinity:undefined:undefined:undefined:undefined":22,"s:151:4:153:Infinity":53,"b:151:8:151:26:151:31:151:36:151:40:151:58":23,"s:152:6:152:Infinity":54,"s:155:14:155:77":55,"b:155:39:155:57:155:60:155:77":24,"s:156:17:156:89":56,"b:156:45:156:66:156:69:156:89":25,"b:157:4:159:Infinity:undefined:undefined:undefined:undefined":26,"s:157:4:159:Infinity":57,"b:157:8:157:13:157:17:157:25":27,"s:158:6:158:Infinity":58,"s:161:20:174:6":59,"b:164:12:164:30:164:34:164:55":28,"b:165:12:165:31:165:35:165:67":29,"b:165:44:165:57:165:61:165:65":30,"b:166:12:166:38:166:42:166:88":31,"b:166:58:166:78:166:82:166:86":32,"b:167:12:167:39:167:43:167:92":33,"b:167:60:167:81:167:85:167:90":34,"b:168:12:168:34:168:38:168:53":35,"b:169:12:169:37:169:41:169:62":36,"b:170:12:170:36:170:40:170:96":37,"b:170:67:170:87:170:90:170:94":38,"b:171:12:171:34:171:38:171:76":39,"b:171:50:171:66:171:70:171:74":40,"b:172:12:172:31:172:35:172:67":41,"b:172:44:172:57:172:61:172:65":42,"s:176:4:179:Infinity":60,"s:181:4:181:Infinity":61,"s:183:4:183:Infinity":62,"s:184:4:184:Infinity":63,"s:189:0:216:Infinity":64,"f:189:22:189:27":5,"s:190:2:215:Infinity":65,"s:191:19:191:29":66,"s:192:25:192:37":67,"b:193:4:195:Infinity:undefined:undefined:undefined:undefined":43,"s:193:4:195:Infinity":68,"s:194:6:194:Infinity":69,"s:197:21:197:89":70,"b:198:4:200:Infinity:undefined:undefined:undefined:undefined":44,"s:198:4:200:Infinity":71,"s:199:6:199:Infinity":72,"s:202:20:205:6":73,"s:207:4:209:Infinity":74,"s:211:4:211:Infinity":75,"s:213:4:213:Infinity":76,"s:214:4:214:Infinity":77,"s:218:0:218:Infinity":78}}}
,"C:\\Users\\janea\\simdm\\backend\\src\\routes\\devices.js": {"path":"C:\\Users\\janea\\simdm\\backend\\src\\routes\\devices.js","statementMap":{"0":{"start":{"line":1,"column":16},"end":{"line":1,"column":null}},"1":{"start":{"line":2,"column":15},"end":{"line":2,"column":null}},"2":{"start":{"line":3,"column":11},"end":{"line":3,"column":null}},"3":{"start":{"line":4,"column":13},"end":{"line":4,"column":null}},"4":{"start":{"line":5,"column":20},"end":{"line":5,"column":null}},"5":{"start":{"line":6,"column":13},"end":{"line":6,"column":null}},"6":{"start":{"line":7,"column":18},"end":{"line":7,"column":null}},"7":{"start":{"line":8,"column":14},"end":{"line":8,"column":null}},"8":{"start":{"line":9,"column":15},"end":{"line":9,"column":null}},"9":{"start":{"line":10,"column":23},"end":{"line":10,"column":null}},"10":{"start":{"line":11,"column":32},"end":{"line":11,"column":null}},"11":{"start":{"line":14,"column":22},"end":{"line":20,"column":null}},"12":{"start":{"line":19,"column":9},"end":{"line":19,"column":null}},"13":{"start":{"line":27,"column":23},"end":{"line":27,"column":null}},"14":{"start":{"line":28,"column":22},"end":{"line":28,"column":null}},"15":{"start":{"line":29,"column":25},"end":{"line":29,"column":null}},"16":{"start":{"line":31,"column":27},"end":{"line":56,"column":null}},"17":{"start":{"line":58,"column":27},"end":{"line":58,"column":null}},"18":{"start":{"line":60,"column":15},"end":{"line":60,"column":null}},"19":{"start":{"line":63,"column":0},"end":{"line":63,"column":null}},"20":{"start":{"line":66,"column":18},"end":{"line":66,"column":null}},"21":{"start":{"line":67,"column":0},"end":{"line":69,"column":null}},"22":{"start":{"line":68,"column":2},"end":{"line":68,"column":null}},"23":{"start":{"line":71,"column":16},"end":{"line":81,"column":null}},"24":{"start":{"line":73,"column":4},"end":{"line":73,"column":null}},"25":{"start":{"line":76,"column":16},"end":{"line":76,"column":null}},"26":{"start":{"line":77,"column":22},"end":{"line":77,"column":null}},"27":{"start":{"line":78,"column":19},"end":{"line":78,"column":null}},"28":{"start":{"line":79,"column":4},"end":{"line":79,"column":null}},"29":{"start":{"line":83,"column":6},"end":{"line":96,"column":null}},"30":{"start":{"line":84,"column":23},"end":{"line":90,"column":null}},"31":{"start":{"line":91,"column":2},"end":{"line":95,"column":null}},"32":{"start":{"line":92,"column":4},"end":{"line":92,"column":null}},"33":{"start":{"line":94,"column":4},"end":{"line":94,"column":null}},"34":{"start":{"line":98,"column":15},"end":{"line":102,"column":null}},"35":{"start":{"line":105,"column":0},"end":{"line":117,"column":null}},"36":{"start":{"line":106,"column":2},"end":{"line":116,"column":null}},"37":{"start":{"line":107,"column":21},"end":{"line":111,"column":null}},"38":{"start":{"line":112,"column":4},"end":{"line":112,"column":null}},"39":{"start":{"line":114,"column":4},"end":{"line":114,"column":null}},"40":{"start":{"line":115,"column":4},"end":{"line":115,"column":null}},"41":{"start":{"line":120,"column":0},"end":{"line":167,"column":null}},"42":{"start":{"line":121,"column":2},"end":{"line":166,"column":null}},"43":{"start":{"line":122,"column":53},"end":{"line":122,"column":null}},"44":{"start":{"line":123,"column":18},"end":{"line":123,"column":null}},"45":{"start":{"line":124,"column
[...]
214:21:214:Infinity":90,"b:214:30:214:59:214:59:214:63":25,"s:215:10:215:Infinity":91,"s:217:67:217:Infinity":92,"s:218:18:218:Infinity":93,"b:221:4:223:Infinity:undefined:undefined:undefined:undefined":26,"s:221:4:223:Infinity":94,"s:222:6:222:Infinity":95,"b:226:4:233:Infinity:undefined:undefined:undefined:undefined":27,"s:226:4:233:Infinity":96,"s:227:6:232:Infinity":97,"b:234:4:234:Infinity:undefined:undefined:undefined:undefined":28,"s:234:4:234:Infinity":98,"s:234:16:234:Infinity":99,"b:235:4:235:Infinity:undefined:undefined:undefined:undefined":29,"s:235:4:235:Infinity":100,"s:235:19:235:Infinity":101,"b:236:4:236:Infinity:undefined:undefined:undefined:undefined":30,"s:236:4:236:Infinity":102,"s:236:19:236:Infinity":103,"s:238:29:247:Infinity":104,"s:249:18:249:Infinity":105,"s:250:4:258:Infinity":106,"s:260:4:260:Infinity":107,"s:261:4:261:Infinity":108,"s:266:0:309:Infinity":109,"f:266:17:266:24":10,"s:267:2:308:Infinity":110,"s:268:19:268:Infinity":111,"b:269:4:274:Infinity:undefined:undefined:undefined:undefined":31,"s:269:4:274:Infinity":112,"s:270:6:273:Infinity":113,"s:276:17:276:Infinity":114,"s:279:21:279:Infinity":115,"b:280:4:282:Infinity:undefined:undefined:undefined:undefined":32,"s:280:4:282:Infinity":116,"s:281:6:281:Infinity":117,"s:284:19:291:Infinity":118,"s:294:4:302:Infinity":119,"s:304:4:304:Infinity":120,"s:306:4:306:Infinity":121,"s:307:4:307:Infinity":122,"s:312:0:332:Infinity":123,"f:312:19:312:26":11,"s:313:2:331:Infinity":124,"s:314:19:321:Infinity":125,"b:323:4:325:Infinity:undefined:undefined:undefined:undefined":33,"s:323:4:325:Infinity":126,"s:324:6:324:Infinity":127,"s:327:4:327:Infinity":128,"s:329:4:329:Infinity":129,"s:330:4:330:Infinity":130,"s:335:0:380:Infinity":131,"f:335:19:335:26":12,"s:336:2:379:Infinity":132,"s:337:21:337:Infinity":133,"s:339:19:339:Infinity":134,"b:340:4:345:Infinity:undefined:undefined:undefined:undefined":34,"s:340:4:345:Infinity":135,"s:341:6:344:Infinity":136,"s:347:23:347:Infinity":137,"s:350:22:350:Infinity":138,"b:351:4:353:Infinity:undefined:undefined:undefined:undefined":35,"s:351:4:353:Infinity":139,"s:352:6:352:Infinity":140,"s:355:19:359:Infinity":141,"s:362:4:373:Infinity":142,"s:375:4:375:Infinity":143,"s:377:4:377:Infinity":144,"s:378:4:378:Infinity":145,"s:386:0:415:Infinity":146,"f:386:22:386:29":13,"s:387:2:414:Infinity":147,"s:388:21:388:Infinity":148,"s:390:19:397:Infinity":149,"s:400:4:408:Infinity":150,"s:410:4:410:Infinity":151,"s:412:4:412:Infinity":152,"s:413:4:413:Infinity":153,"s:418:0:462:Infinity":154,"f:418:71:418:78":14,"s:419:2:461:Infinity":155,"b:420:4:422:Infinity:undefined:undefined:undefined:undefined":36,"s:420:4:422:Infinity":156,"s:421:6:421:Infinity":157,"s:424:21:424:Infinity":158,"s:425:20:425:Infinity":159,"s:426:26:426:Infinity":160,"s:427:18:427:Infinity":161,"b:427:59:427:76:427:76:427:Infinity":37,"s:429:19:432:Infinity":162,"s:435:21:435:Infinity":163,"b:435:42:435:89:435:89:435:Infinity":38,"s:436:4:450:Infinity":164,"b:445:20:445:52:445:52:445:Infinity":39,"b:446:25:446:62:446:62:446:Infinity":40,"s:452:4:457:Infinity":165,"s:459:4:459:Infinity":166,"s:460:4:460:Infinity":167,"s:465:0:549:Infinity":168,"f:465:43:465:50":15,"s:466:2:548:Infinity":169,"s:467:19:470:Infinity":170,"b:472:4:474:Infinity:undefined:undefined:undefined:undefined":41,"s:472:4:474:Infinity":171,"s:473:6:473:Infinity":172,"s:476:16:476:Infinity":173,"s:477:4:477:Infinity":174,"s:478:4:478:Infinity":175,"s:479:4:479:Infinity":176,"s:482:4:482:Infinity":177,"s:483:4:483:Infinity":178,"s:484:4:484:Infinity":179,"s:487:4:487:Infinity":180,"s:488:4:488:Infinity":181,"s:489:4:489:Infinity":182,"s:490:4:490:Infinity":183,"s:491:4:491:Infinity":184,"b:491:23:491:46:491:46:491:51":42,"s:492:4:492:Infinity":185,"b:492:23:492:39:492:39:492:44":43,"s:493:4:493:Infinity":186,"b:493:28:493:51:493:51:493:56":44,"s:494:4:494:Infinity":187,"b:494:33:494:59:494:59:494:64":45,"s:495:4:495:Infinity":188,"s:498:4:498:Infinity":189,"s:499:4:499:Infinity":190,"s:500:4:500:Infinity":191,"b:500:31:500:51:500:51:500:56":46,"s:501:4:501:Infinity":192,"b:501:27:501:47:501:47:501:52":47,"s:502:4:502:Infinity":193,"b:502:25:502:43:502:43:502:48":48,"s:503:4:503:Infinity":194,"s:506:4:506:Infinity":195,"s:507:4:507:Infinity":196,"s:508:4:508:Infinity":197,"s:509:4:509:Infinity":198,"b:509:24:509:49:509:49:509:54":49,"s:510:4:510:Infinity":199,"b:510:32:510:47:510:47:510:52":50,"s:511:4:511:Infinity":200,"b:511:63:511:98:511:98:511:103":51,"s:512:4:512:Infinity":201,"s:515:4:515:Infinity":202,"s:516:4:516:Infinity":203,"s:517:4:517:Infinity":204,"b:517:58:517:111:517:111:517:116":52,"s:518:4:518:Infinity":205,"b:518:61:518:111:518:111:518:116":53,"s:519:4:519:Infinity":206,"b:519:35:519:59:519:59:519:64":54,"s:520:4:520:Infinity":207,"b:520:59:520:112:520:112:520:117":55,"s:521:4:521:Infinity":208,"s:524:4:524:Infinity":209,"s:525:4:525:Infinity":210,"s:526:4:526:Infinity":211,"b:526:26:526:44:526:44:526:49":56,"s:527:4:527:Infinity":212,"b:527:27:527:47:527:47:527:52":57,"s:528:4:528:Infinity":213,"b:528:24:528:40:528:40:528:45":58,"s:529:4:529:Infinity":214,"b:529:27:529:49:529:49:529:54":59,"s:530:4:530:Infinity":215,"b:533:4:537:Infinity:undefined:undefined:undefined:undefined":60,"s:533:4:537:Infinity":216,"s:534:6:534:Infinity":217,"s:535:6:535:Infinity":218,"s:536:6:536:Infinity":219,"s:540:4:542:Infinity":220,"s:544:4:544:Infinity":221,"s:546:4:546:Infinity":222,"s:547:4:547:Infinity":223,"s:551:0:551:Infinity":224}}}
,"C:\\Users\\janea\\simdm\\backend\\src\\routes\\sections.js": {"path":"C:\\Users\\janea\\simdm\\backend\\src\\routes\\sections.js","statementMap":{"0":{"start":{"line":1,"column":16},"end":{"line":1,"column":34}},"1":{"start":{"line":2,"column":15},"end":{"line":2,"column":31}},"2":{"start":{"line":4,"column":15},"end":{"line":4,"column":31}},"3":{"start":{"line":6,"column":0},"end":{"line":23,"column":null}},"4":{"start":{"line":7,"column":2},"end":{"line":22,"column":null}},"5":{"start":{"line":8,"column":21},"end":{"line":17,"column":6}},"6":{"start":{"line":18,"column":4},"end":{"line":18,"column":null}},"7":{"start":{"line":20,"column":4},"end":{"line":20,"column":null}},"8":{"start":{"line":21,"column":4},"end":{"line":21,"column":null}},"9":{"start":{"line":25,"column":0},"end":{"line":25,"column":null}}},"fnMap":{"0":{"name":"(anonymous_0)","decl":{"start":{"line":6,"column":16},"end":{"line":6,"column":21}},"loc":{"start":{"line":6,"column":36},"end":{"line":23,"column":1}},"line":6}},"branchMap":{},"s":{"0":10,"1":10,"2":10,"3":10,"4":3,"5":3,"6":2,"7":1,"8":1,"9":10},"f":{"0":3},"b":{},"meta":{"lastBranch":0,"lastFunction":1,"lastStatement":10,"seen":{"s:1:16:1:34":0,"s:2:15:2:31":1,"s:4:15:4:31":2,"s:6:0:23:Infinity":3,"f:6:16:6:21":0,"s:7:2:22:Infinity":4,"s:8:21:17:6":5,"s:18:4:18:Infinity":6,"s:20:4:20:Infinity":7,"s:21:4:21:Infinity":8,"s:25:0:25:Infinity":9}}}
,"C:\\Users\\janea\\simdm\\backend\\src\\schemas\\auth.schema.js": {"path":"C:\\Users\\janea\\simdm\\backend\\src\\schemas\\auth.schema.js","statementMap":{"0":{"start":{"line":1,"column":14},"end":{"line":1,"column":28}},"1":{"start":{"line":3,"column":0},"end":{"line":6,"column":null}},"2":{"start":{"line":8,"column":0},"end":{"line":10,"column":null}},"3":{"start":{"line":12,"column":0},"end":{"line":14,"column":null}}},"fnMap":{},"branchMap":{},"s":{"0":10,"1":10,"2":10,"3":10},"f":{},"b":{},"meta":{"lastBranch":0,"lastFunction":0,"lastStatement":4,"seen":{"s:1:14:1:28":0,"s:3:0:6:Infinity":1,"s:8:0:10:Infinity":2,"s:12:0:14:Infinity":3}}}
,"C:\\Users\\janea\\simdm\\backend\\src\\schemas\\consumable.schema.js": {"path":"C:\\Users\\janea\\simdm\\backend\\src\\schemas\\consumable.schema.js","statementMap":{"0":{"start":{"line":1,"column":14},"end":{"line":1,"column":28}},"1":{"start":{"line":3,"column":0},"end":{"line":10,"column":null}},"2":{"start":{"line":12,"column":0},"end":{"line":12,"column":null}}},"fnMap":{},"branchMap":{},"s":{"0":0,"1":0,"2":0},"f":{},"b":{},"meta":{"lastBranch":0,"lastFunction":0,"lastStatement":3,"seen":{"s:1:14:1:28":0,"s:3:0:10:Infinity":1,"s:12:0:12:Infinity":2}}}
,"C:\\Users\\janea\\simdm\\backend\\src\\schemas\\device.schema.js": {"path":"C:\\Users\\janea\\simdm\\backend\\src\\schemas\\device.schema.js","statementMap":{"0":{"start":{"line":1,"column":14},"end":{"line":1,"column":28}},"1":{"start":{"line":3,"column":23},"end":{"line":3,"column":97}},"2":{"start":{"line":4,"column":22},"end":{"line":4,"column":48}},"3":{"start":{"line":5,"column":25},"end":{"line":5,"column":53}},"4":{"start":{"line":7,"column":0},"end":{"line":32,"column":null}},"5":{"start":{"line":34,"column":0},"end":{"line":34,"column":null}}},"fnMap":{},"branchMap":{},"s":{"0":0,"1":0,"2":0,"3":0,"4":0,"5":0},"f":{},"b":{},"meta":{"lastBranch":0,"lastFunction":0,"lastStatement":6,"seen":{"s:1:14:1:28":0,"s:3:23:3:97":1,"s:4:22:4:48":2,"s:5:25:5:53":3,"s:7:0:32:Infinity":4,"s:34:0:34:Infinity":5}}}
,"C:\\Users\\janea\\simdm\\backend\\src\\services\\authService.js": {"path":"C:\\Users\\janea\\simdm\\backend\\src\\services\\authService.js","statementMap":{"0":{"start":{"line":1,"column":15},"end":{"line":1,"column":34}},"1":{"start":{"line":2,"column":12},"end":{"line":2,"column":35}},"2":{"start":{"line":3,"column":15},"end":{"line":3,"column":32}},"3":{"start":{"line":4,"column":15},"end":{"line":4,"column":31}},"4":{"start":{"line":9,"column":4},"end":{"line":17,"column":null}},"5":{"start":{"line":22,"column":19},"end":{"line":22,"column":36}},"6":{"start":{"line":23,"column":18},"end":{"line":23,"column":56}},"7":{"start":{"line":24,"column":22},"end":{"line":24,"column":32}},"8":{"start":{"line":25,"column":4},"end":{"line":25,"column":null}},"9":{"start":{"line":27,"column":25},"end":{"line":36,"column":6}},"10":{"start":{"line":38,"column":4},"end":{"line":38,"column":null}},"11":{"start":{"line":39,"column":4},"end":{"line":39,"column":null}},"12":{"start":{"line":44,"column":4},"end":{"line":44,"column":null}},"13":{"start":{"line":49,"column":4},"end":{"line":49,"column":null}},"14":{"start":{"line":52,"column":17},"end":{"line":57,"column":6}},"15":{"start":{"line":59,"column":4},"end":{"line":62,"column":null}},"16":{"start":{"line":60,"column":6},"end":{"line":60,"column":null}},"17":{"start":{"line":61,"column":6},"end":{"line":61,"column":null}},"18":{"start":{"line":65,"column":4},"end":{"line":69,"column":null}},"19":{"start":{"line":66,"column":26},"end":{"line":66,"column":76}},"20":{"start":{"line":67,"column":6},"end":{"line":67,"column":null}},"21":{"start":{"line":68,"column":6},"end":{"line":68,"column":null}},"22":{"start":{"line":72,"column":20},"end":{"line":72,"column":69}},"23":{"start":{"line":74,"column":4},"end":{"line":89,"column":null}},"24":{"start":{"line":75,"column":29},"end":{"line":75,"column":57}},"25":{"start":{"line":76,"column":22},"end":{"line":76,"column":61}},"26":{"start":{"line":79,"column":6},"end":{"line":84,"column":null}},"27":{"start":{"line":80,"column":26},"end":{"line":80,"column":36}},"28":{"start":{"line":81,"column":8},"end":{"line":81,"column":null}},"29":{"start":{"line":82,"column":8},"end":{"line":82,"column":null}},"30":{"start":{"line":83,"column":8},"end":{"line":83,"column":null}},"31":{"start":{"line":86,"column":6},"end":{"line":86,"column":null}},"32":{"start":{"line":87,"column":6},"end":{"line":87,"column":null}},"33":{"start":{"line":88,"column":6},"end":{"line":88,"column":null}},"34":{"start":{"line":92,"column":4},"end":{"line":99,"column":null}},"35":{"start":{"line":102,"column":24},"end":{"line":102,"column":54}},"36":{"start":{"line":103,"column":36},"end":{"line":103,"column":81}},"37":{"start":{"line":106,"column":4},"end":{"line":115,"column":null}},"38":{"start":{"line":117,"column":4},"end":{"line":117,"column":null}},"39":{"start":{"line":119,"column":4},"end":{"line":129,"column":null}},"40":{"start":{"line":134,"column":4},"end":{"line":134,"column":null}},"41":{"start":{"line":136,"column":22},"end":{"line":136,"column":53}},"42":{"start":{"line":137,"column":24},"end":{"line":140,"column":6}},"43":{"start":{"line":142,"column":4},"end":{"line":145,"column":null}},"44":{"start":{"line":143,"column":6},"end":{"line":143,"column":null}},"45":{"start":{"line":144,"column":6},"end":{"line":144,"column":null}},"46":{"start":{"line":147,"column":4},"end":{"line":155,"column":null}},"47":{"start":{"line":148,"column":6},"end":{"line":148,"column":null}},"48":{"start":{"line":150,"column":6},"end":{"line":153,"column":null}},"49":{"start":{"line":154,"column":6},"end":{"line":154,"column":null}},"50":{"start":{"line":157,"column":4},"end":{"line":160,"column":null}},"51":{"start":{"line":158,"column":6},"end":{"line":158,"column":null}},"52":{"start":{"line":159,"column":6},"end":{"line":159,"column":null}},"53":{"start":{"line":163,"column":27},"end":{"line":163,"column":70}},"54":{"start":{"line":164,"column":62},"end":{"line":164,"column":118}},"55":{"start":{"line":167,"column":4},"end":{"line":173,"column":null}},"56":{"start":{"line":175,"column":4},"end":{"line":175,"column":null}},"57":{"start":{"line":177,"column":4},"end":{"line":180,"column":null}},"58":{"start":{"line":185,"column":4},"end":{"line":185,"column":null}},"59":{"start":{"line":187,"column":4},"end":{"line":193,"column":null}},"60":{"start":{"line":188,"column":24},"end":{"line":188,"column":52}},"61":{"start":{"line":189,"column":6},"end":{"line":192,"column":null}},"62":{"start":{"line":195,"column":4},"end":{"line":204,"column":null}},"63":{"start":{"line":209,"column":4},"end":{"line":217,"column":null}},"64":{"start":{"line":221,"column":0},"end":{"line":221,"column":null}}},"fnMap":{"0":{"name":"generateAccessToken","decl":{"start":{"line":8,"column":9},"end":{"line":8,"column":28}},"loc":{"start":{"line":8,"column":35},"end":{"line":18,"column":null}},"line":8},"1":{"name":"generateRefreshToken","decl":{"start":{"line":21,"column":15},"end":{"line":21,"column":35}},"loc":{"start":{"line":21,"column":49},"end":{"line":40,"column":null}},"line":21},"2":{"name":"hashToken","decl":{"start":{"line":43,"column":9},"end":{"line":43,"column":18}},"loc":{"start":{"line":43,"column":26},"end":{"line":45,"column":null}},"line":43},"3":{"name":"login","decl":{"start":{"line":48,"column":15},"end":{"line":48,"column":20}},"loc":{"start":{"line":48,"column":46},"end":{"line":130,"column":null}},"line":48},"4":{"name":"refreshAccessToken","decl":{"start":{"line":133,"column":15},"end":{"line":133,"column":33}},"loc":{"start":{"line":133,"column":56},"end":{"line":181,"column":null}},"line":133},"5":{"name":"logout","decl":{"start":{"line":184,"column":15},"end":{"line":184,"column":21}},"loc":{"start":{"line":184,"column":49},"end":{"line":205,"column":null}},"line":184},"6":{"name":"logFailedLogin","decl":{"start":{"line":208,"column":15},"end":{"line":208,"column":29}},"loc":{"start":{"line":208,"column":53},"end":{"line":218,"column":null}},"line":208}},"branchMap":{"0":{"loc":{"start":{"line":16,"column":19},"end":{"line":16,"column":60}},"type":"binary-expr","locations":[{"start":{"line":16,"column":19},"end":{"line":16,"column":51}},{"start":{"line":16,"column":55},"end":{"line":16,"column":60}}],"line":16},"1":{"loc":{"start":{"line":59,"column":4},"end":{"line":62,"column":null}},"type":"if","locations":[{"start":{"line":59,"column":4},"end":{"line":62,"column":null}},{"start":{},"end":{}}],"line":59},"2":{"loc":{"start":{"line":65,"column":4},"end":{"line":69,"column":null}},"type":"if","locations":[{"start":{"line":65,"column":4},"end":{"line":69,"column":null}},{"start":{},"end":{}}],"line":65},"3":{"loc":{"start":{"line":65,"column":8},"end":{"line":65,"column":57}},"type":"binary-expr","locations":[{"start":{"line":65,"column":8},"end":{"line":65,"column":24}},{"start":{"line":65,"column":28},"end":{"line":65,"column":57}}],"line":65},"4":{"loc":{"start":{"line":74,"column":4},"end":{"line":89,"column":null}},"type":"if","locations":[{"start":{"line":74,"column":4},"end":{"line":89,"column":null}},{"start":{},"end":{}}],"line":74},"5":{"loc":{"start":{"line":79,"column":6},"end":{"line":84,"column":null}},"type":"if","locations":[{"start":{"line":79,"column":6},"end":{"line":84,"column":null}},{"start":{},"end":{}}],"line":79},"6":{"loc":{"start":{"line":142,"column":4},"end":{"line":145,"column":null}},"type":"if","locations":[{"start":{"line":142,"column":4},"end":{"line":145,"column":null}},{"start":{},"end":{}}],"line":142},"7":{"loc":{"start":{"line":147,"column":4},"end":{"line":155,"column":null}},"type":"if","locations":[{"start":{"line":147,"column":4},"end":{"line":155,"column":null}},{"start":{},"end":{}}],"line":147},"8":{"loc":{"start":{"line":157,"column":4},"end":{"line":160,"column":null}},"type":"if","locations":[{"start":{"line":157,"column":4},"end":{"line":160,"column":null}},{"start":{},"end":{}}],"line":157},"9":{"loc":{"start":{"line":187,"column":4},"end":{"line":193,"column":null}},"type":"if","locations":[{"start":{"line":187,"column":4},"end":{"line":193,"column":null}},{"start":{},"end":{}}],"line":187}},"s":{"0":11,"1":11,"2":11,"3":11,"4":35,"5":37,"6":37,"7":37,"8":37,"9":37,"10":37,"11":37,"12":65,"13":48,"14":48,"15":48,"16":4,"17":4,"18":44,"19":2,"20":2,"21":2,"22":42,"23":42,"24":15,"25":15,"26":15,"27":2,"28":2,"29":2,"30":2,"31":15,"32":15,"33":15,"34":27,"35":27,"36":27,"37":27,"38":27,"39":27,"40":11,"41":11,"42":11,"43":11,"44":2,"45":2,"46":9,"47":3,"48":3,"49":3,"50":6,"51":1,"52":1,"53":5,"54":5,"55":5,"56":5,"57":5,"58":5,"59":5,"60":4,"61":4,"62":5,"63":21,"64":11},"f":{"0":11,"1":11,"2":11,"3":11,"4":11,"5":5,"6":21},"b":{"0":[35,0],"1":[4,44],"2":[2,42],"3":[44,2],"4":[15,27],"5":[2,13],"6":[2,9],"7":[3,6],"8":[1,5],"9":[4,1]},"meta":{"lastBranch":10,"lastFunction":7,"lastStatement":65,"seen":{"s:1:15:1:34":0,"s:2:12:2:35":1,"s:3:15:3:32":2,"s:4:15:4:31":3,"f:8:9:8:28":0,"s:9:4:17:Infinity":4,"b:16:19:16:51:16:55:16:60":0,"f:21:15:21:35":1,"s:22:19:22:36":5,"s:23:18:23:56":6,"s:24:22:24:32":7,"s:25:4:25:Infinity":8,"s:27:25:36:6":9,"s:38:4:38:Infinity":10,"s:39:4:39:Infinity":11,"f:43:9:43:18":2,"s:44:4:44:Infinity":12,"f:48:15:48:20":3,"s:49:4:49:Infinity":13,"s:52:17:57:6":14,"b:59:4:62:Infinity:undefined:undefined:undefined:undefined":1,"s:59:4:62:Infinity":15,"s:60:6:60:Infinity":16,"s:61:6:61:Infinity":17,"b:65:4:69:Infinity:undefined:undefined:undefined:undefined":2,"s:65:4:69:Infinity":18,"b:65:8:65:24:65:28:65:57":3,"s:66:26:66:76":19,"s:67:6:67:Infinity":20,"s:68:6:68:Infinity":21,"s:72:20:72:69":22,"b:74:4:89:Infinity:undefined:undefined:undefined:undefined":4,"s:74:4:89:Infinity":23,"s:75:29:75:57":24,"s:76:22:76:61":25,"b:79:6:84:Infinity:undefined:undefined:undefined:undefined":5,"s:79:6:84:Infinity":26,"s:80:26:80:36":27,"s:81:8:81:Infinity":28,"s:82:8:82:Infinity":29,"s:83:8:83:Infinity":30,"s:86:6:86:Infinity":31,"s:87:6:87:Infinity":32,"s:88:6:88:Infinity":33,"s:92:4:99:Infinity":34,"s:102:24:102:54":35,"s:103:36:103:81":36,"s:106:4:115:Infinity":37,"s:117:4:117:Infinity":38,"s:119:4:129:Infinity":39,"f:133:15:133:33":4,"s:134:4:134:Infinity":40,"s:136:22:136:53":41,"s:137:24:140:6":42,"b:142:4:145:Infinity:undefined:undefined:undefined:undefined":6,"s:142:4:145:Infinity":43,"s:143:6:143:Infinity":44,"s:144:6:144:Infinity":45,"b:147:4:155:Infinity:undefined:undefined:undefined:undefined":7,"s:147:4:155:Infinity":46,"s:148:6:148:Infinity":47,"s:150:6:153:Infinity":48,"s:154:6:154:Infinity":49,"b:157:4:160:Infinity:undefined:undefined:undefined:undefined":8,"s:157:4:160:Infinity":50,"s:158:6:158:Infinity":51,"s:159:6:159:Infinity":52,"s:163:27:163:70":53,"s:164:62:164:118":54,"s:167:4:173:Infinity":55,"s:175:4:175:Infinity":56,"s:177:4:180:Infinity":57,"f:184:15:184:21":5,"s:185:4:185:Infinity":58,"b:187:4:193:Infinity:undefined:undefined:undefined:undefined":9,"s:187:4:193:Infinity":59,"s:188:24:188:52":60,"s:189:6:192:Infinity":61,"s:195:4:204:Infinity":62,"f:208:15:208:29":6,"s:209:4:217:Infinity":63,"s:221:0:221:Infinity":64}}}
}
